============================= test session starts ==============================
platform linux -- Python 3.10.18, pytest-9.0.1, pluggy-1.6.0 -- /opt/venv/bin/python
cachedir: .pytest_cache
rootdir: /workspace
plugins: timeout-2.4.0
timeout: 60.0s
timeout method: thread
timeout func_only: False
collecting ... collected 1852 items

test/base_test.py::BaseModuleTest::test_GetView_array_struct PASSED      [  0%]
test/base_test.py::BaseModuleTest::test_PgDict_AsBuffer_PyBUF_flags PASSED [  0%]
test/base_test.py::BaseModuleTest::test_PgObject_AsBuffer_PyBUF_flags PASSED [  0%]
test/base_test.py::BaseModuleTest::test_PgObject_GetBuffer_array_interface PASSED [  0%]
test/base_test.py::BaseModuleTest::test_PgObject_GetBuffer_exception PASSED [  0%]
test/base_test.py::BaseModuleTest::test_bad_format PASSED                [  0%]
test/base_test.py::BaseModuleTest::test_get_error PASSED                 [  0%]
test/base_test.py::BaseModuleTest::test_get_init PASSED                  [  0%]
test/base_test.py::BaseModuleTest::test_get_init__after_init PASSED      [  0%]
test/base_test.py::BaseModuleTest::test_get_init__after_quit PASSED      [  0%]
test/base_test.py::BaseModuleTest::test_get_sdl_byteorder PASSED         [  0%]
test/base_test.py::BaseModuleTest::test_get_sdl_version PASSED           [  0%]
test/base_test.py::BaseModuleTest::test_init PASSED                      [  0%]
test/base_test.py::BaseModuleTest::test_newbuf PASSED                    [  0%]
test/base_test.py::BaseModuleTest::test_quit__and_init PASSED            [  0%]
test/base_test.py::BaseModuleTest::test_register_quit PASSED             [  0%]
test/base_test.py::BaseModuleTest::test_set_error PASSED                 [  0%]
test/base_test.py::BaseModuleTest::test_unicode_error PASSED             [  0%]
test/blit_test.py::BlitTest::test_BLEND PASSED                           [  1%]
test/blit_test.py::BlitTest::test_SRCALPHA PASSED                        [  1%]
test/blit_test.py::BlitTest::test_blits PASSED                           [  1%]
test/blit_test.py::BlitTest::test_blits_bad_dest PASSED                  [  1%]
test/blit_test.py::BlitTest::test_blits_bad_surf_args PASSED             [  1%]
test/blit_test.py::BlitTest::test_blits_not_sequence PASSED              [  1%]
test/blit_test.py::BlitTest::test_blits_wrong_length PASSED              [  1%]
test/bufferproxy_test.py::BufferProxyTest::test___array_interface___property PASSED [  1%]
test/bufferproxy_test.py::BufferProxyTest::test___array_struct___property PASSED [  1%]
test/bufferproxy_test.py::BufferProxyTest::test_after PASSED             [  1%]
test/bufferproxy_test.py::BufferProxyTest::test_attribute PASSED         [  1%]
test/bufferproxy_test.py::BufferProxyTest::test_before PASSED            [  1%]
test/bufferproxy_test.py::BufferProxyTest::test_c_api PASSED             [  1%]
test/bufferproxy_test.py::BufferProxyTest::test_class_name PASSED        [  1%]
test/bufferproxy_test.py::BufferProxyTest::test_gc PASSED                [  1%]
test/bufferproxy_test.py::BufferProxyTest::test_module_name PASSED       [  1%]
test/bufferproxy_test.py::BufferProxyTest::test_parent_property PASSED   [  1%]
test/bufferproxy_test.py::BufferProxyTest::test_repr PASSED              [  1%]
test/bufferproxy_test.py::BufferProxyTest::test_subclassing PASSED       [  1%]
test/bufferproxy_test.py::BufferProxyTest::test_weakref PASSED           [  2%]
test/bufferproxy_test.py::BufferProxyLegacyTest::test_length PASSED      [  2%]
test/bufferproxy_test.py::BufferProxyLegacyTest::test_raw PASSED         [  2%]
test/bufferproxy_test.py::BufferProxyLegacyTest::test_write PASSED       [  2%]
test/color_test.py::ColorTypeTest::test_Color_type_works_for_Surface_get_and_set_colorkey PASSED [  2%]
test/color_test.py::ColorTypeTest::test_add PASSED                       [  2%]
test/color_test.py::ColorTypeTest::test_arraystruct PASSED               [  2%]
test/color_test.py::ColorTypeTest::test_case_insensitivity_of_string_args PASSED [  2%]
test/color_test.py::ColorTypeTest::test_cmy__all_elements_within_limits PASSED [  2%]
test/color_test.py::ColorTypeTest::test_cmy__sanity_testing_converted_should_equate_bar_rounding PASSED [  2%]
test/color_test.py::ColorTypeTest::test_cmy__sanity_testing_converted_should_not_raise PASSED [  2%]
test/color_test.py::ColorTypeTest::test_collection_abc PASSED            [  2%]
test/color_test.py::ColorTypeTest::test_color PASSED                     [  2%]
test/color_test.py::ColorTypeTest::test_color__color_object_arg PASSED   [  2%]
test/color_test.py::ColorTypeTest::test_color__hex_str_arg PASSED        [  2%]
test/color_test.py::ColorTypeTest::test_color__html_str_arg PASSED       [  2%]
test/color_test.py::ColorTypeTest::test_color__int_arg PASSED            [  2%]
test/color_test.py::ColorTypeTest::test_color__int_arg_invalid PASSED    [  2%]
test/color_test.py::ColorTypeTest::test_color__name_str_arg PASSED       [  3%]
test/color_test.py::ColorTypeTest::test_color__name_str_arg_from_colordict PASSED [  3%]
test/color_test.py::ColorTypeTest::test_color__rgba_int_args PASSED      [  3%]
test/color_test.py::ColorTypeTest::test_color__rgba_int_args_invalid_value PASSED [  3%]
test/color_test.py::ColorTypeTest::test_color__rgba_int_args_invalid_value_without_alpha PASSED [  3%]
test/color_test.py::ColorTypeTest::test_color__rgba_int_args_without_alpha PASSED [  3%]
test/color_test.py::ColorTypeTest::test_color__sequence_arg PASSED       [  3%]
test/color_test.py::ColorTypeTest::test_color__sequence_arg_invalid_format PASSED [  3%]
test/color_test.py::ColorTypeTest::test_color__sequence_arg_invalid_value PASSED [  3%]
test/color_test.py::ColorTypeTest::test_color__sequence_arg_invalid_value_without_alpha PASSED [  3%]
test/color_test.py::ColorTypeTest::test_color__sequence_arg_without_alpha PASSED [  3%]
test/color_test.py::ColorTypeTest::test_color_contains PASSED            [  3%]
test/color_test.py::ColorTypeTest::test_color_iter PASSED                [  3%]
test/color_test.py::ColorTypeTest::test_comparison PASSED                [  3%]
test/color_test.py::ColorTypeTest::test_correct_gamma__verified_against_python_implementation PASSED [  3%]
test/color_test.py::ColorTypeTest::test_div PASSED                       [  3%]
test/color_test.py::ColorTypeTest::test_float PASSED                     [  3%]
test/color_test.py::ColorTypeTest::test_get_item PASSED                  [  3%]
test/color_test.py::ColorTypeTest::test_grayscale PASSED                 [  3%]
test/color_test.py::ColorTypeTest::test_hex PASSED                       [  4%]
test/color_test.py::ColorTypeTest::test_hex_digits PASSED                [  4%]
test/color_test.py::ColorTypeTest::test_hsla__all_elements_within_limits PASSED [  4%]
test/color_test.py::ColorTypeTest::test_hsla__sanity_testing_converted_should_equate_bar_rounding PASSED [  4%]
test/color_test.py::ColorTypeTest::test_hsla__sanity_testing_converted_should_not_raise PASSED [  4%]
test/color_test.py::ColorTypeTest::test_hsva__all_elements_within_limits PASSED [  4%]
test/color_test.py::ColorTypeTest::test_hsva__sanity_testing_converted_should_equate_bar_rounding PASSED [  4%]
test/color_test.py::ColorTypeTest::test_hsva__sanity_testing_converted_should_not_raise PASSED [  4%]
test/color_test.py::ColorTypeTest::test_i1i2i3__all_elements_within_limits PASSED [  4%]
test/color_test.py::ColorTypeTest::test_i1i2i3__sanity_testing_converted_should_equate_bar_rounding PASSED [  4%]
test/color_test.py::ColorTypeTest::test_i1i2i3__sanity_testing_converted_should_not_raise PASSED [  4%]
test/color_test.py::ColorTypeTest::test_ignore_whitespace PASSED         [  4%]
test/color_test.py::ColorTypeTest::test_init PASSED                      [  4%]
test/color_test.py::ColorTypeTest::test_int PASSED                       [  4%]
test/color_test.py::ColorTypeTest::test_invalid_html_hex_codes PASSED    [  4%]
test/color_test.py::ColorTypeTest::test_issue_269 PASSED                 [  4%]
test/color_test.py::ColorTypeTest::test_len PASSED                       [  4%]
test/color_test.py::ColorTypeTest::test_length PASSED                    [  4%]
test/color_test.py::ColorTypeTest::test_lerp PASSED                      [  5%]
test/color_test.py::ColorTypeTest::test_long PASSED                      [  5%]
test/color_test.py::ColorTypeTest::test_mod PASSED                       [  5%]
test/color_test.py::ColorTypeTest::test_mul PASSED                       [  5%]
test/color_test.py::ColorTypeTest::test_new PASSED                       [  5%]
test/color_test.py::ColorTypeTest::test_newbuf PASSED                    [  5%]
test/color_test.py::ColorTypeTest::test_normalize PASSED                 [  5%]
test/color_test.py::ColorTypeTest::test_oct PASSED                       [  5%]
test/color_test.py::ColorTypeTest::test_pickle PASSED                    [  5%]
test/color_test.py::ColorTypeTest::test_premul_alpha 
test/color_test.py::ColorTypeTest::test_premul_alpha PASSED              [  5%]
test/color_test.py::ColorTypeTest::test_repr PASSED                      [  5%]
test/color_test.py::ColorTypeTest::test_rgba PASSED                      [  5%]
test/color_test.py::ColorTypeTest::test_set_item PASSED                  [  5%]
test/color_test.py::ColorTypeTest::test_slice PASSED                     [  5%]
test/color_test.py::ColorTypeTest::test_sub PASSED                       [  5%]
test/color_test.py::ColorTypeTest::test_unpack PASSED                    [  5%]
test/color_test.py::ColorTypeTest::test_update PASSED                    [  5%]
test/color_test.py::ColorTypeTest::test_webstyle PASSED                  [  5%]
test/color_test.py::SubclassTest::test_add PASSED                        [  5%]
test/color_test.py::SubclassTest::test_collection_abc PASSED             [  6%]
test/color_test.py::SubclassTest::test_correct_gamma PASSED              [  6%]
test/color_test.py::SubclassTest::test_div PASSED                        [  6%]
test/color_test.py::SubclassTest::test_inv PASSED                        [  6%]
test/color_test.py::SubclassTest::test_mod PASSED                        [  6%]
test/color_test.py::SubclassTest::test_mul PASSED                        [  6%]
test/color_test.py::SubclassTest::test_sub PASSED                        [  6%]
test/constants_test.py::KConstantsTests::test_k__existence PASSED        [  6%]
test/constants_test.py::KConstantsTests::test_k__type PASSED             [  6%]
test/constants_test.py::KConstantsTests::test_k__value_overlap PASSED    [  6%]
test/constants_test.py::KscanConstantsTests::test_kscan__existence PASSED [  6%]
test/constants_test.py::KscanConstantsTests::test_kscan__type PASSED     [  6%]
test/constants_test.py::KscanConstantsTests::test_kscan__value_overlap PASSED [  6%]
test/constants_test.py::KmodConstantsTests::test_kmod__bitwise_overlap PASSED [  6%]
test/constants_test.py::KmodConstantsTests::test_kmod__existence PASSED  [  6%]
test/constants_test.py::KmodConstantsTests::test_kmod__no_bitwise_overlap PASSED [  6%]
test/constants_test.py::KmodConstantsTests::test_kmod__type PASSED       [  6%]
test/constants_test.py::KmodConstantsTests::test_kmod__value_overlap PASSED [  6%]
test/controller_test.py::ControllerModuleTest::test_get_count PASSED     [  7%]
test/controller_test.py::ControllerModuleTest::test_get_eventstate PASSED [  7%]
test/controller_test.py::ControllerModuleTest::test_get_init PASSED      [  7%]
test/controller_test.py::ControllerModuleTest::test_init PASSED          [  7%]
test/controller_test.py::ControllerModuleTest::test_init__multiple PASSED [  7%]
test/controller_test.py::ControllerModuleTest::test_is_controller PASSED [  7%]
test/controller_test.py::ControllerModuleTest::test_name_forindex PASSED [  7%]
test/controller_test.py::ControllerModuleTest::test_quit PASSED          [  7%]
test/controller_test.py::ControllerModuleTest::test_quit__multiple PASSED [  7%]
test/controller_test.py::ControllerTypeTest::test__auto_init SKIPPED     [  7%]
test/controller_test.py::ControllerTypeTest::test_as_joystick SKIPPED    [  7%]
test/controller_test.py::ControllerTypeTest::test_construction SKIPPED   [  7%]
test/controller_test.py::ControllerTypeTest::test_from_joystick SKIPPED  [  7%]
test/controller_test.py::ControllerTypeTest::test_get_init SKIPPED (...) [  7%]
test/controller_test.py::ControllerTypeTest::test_get_mapping SKIPPED    [  7%]
test/controller_test.py::ControllerTypeTest::test_set_mapping SKIPPED    [  7%]
test/controller_test.py::ControllerInteractiveTest::test_get_axis_interactive SKIPPED [  7%]
test/controller_test.py::ControllerInteractiveTest::test_get_button_interactive SKIPPED [  7%]
test/controller_test.py::ControllerInteractiveTest::test_set_eventstate_off_interactive SKIPPED [  7%]
test/controller_test.py::ControllerInteractiveTest::test_set_eventstate_on_interactive SKIPPED [  8%]
test/cursors_test.py::CursorsModuleTest::test_Cursor PASSED              [  8%]
test/cursors_test.py::CursorsModuleTest::test_compile PASSED             [  8%]
test/cursors_test.py::CursorsModuleTest::test_load_xbm PASSED            [  8%]
test/docs_test.py::DocsIncludedTest::test_doc_import_works PASSED        [  8%]
test/docs_test.py::DocsIncludedTest::test_docs_command SKIPPED (Docs...) [  8%]
test/docs_test.py::DocsIncludedTest::test_docs_included SKIPPED (Doc...) [  8%]
test/draw_test.py::DrawEllipseTest::test_ellipse PASSED                  [  8%]
test/draw_test.py::DrawEllipseTest::test_ellipse__1_pixel_height PASSED  [  8%]
test/draw_test.py::DrawEllipseTest::test_ellipse__1_pixel_height_spanning_surface PASSED [  8%]
test/draw_test.py::DrawEllipseTest::test_ellipse__1_pixel_width PASSED   [  8%]
test/draw_test.py::DrawEllipseTest::test_ellipse__1_pixel_width_and_height PASSED [  8%]
test/draw_test.py::DrawEllipseTest::test_ellipse__1_pixel_width_spanning_surface PASSED [  8%]
test/draw_test.py::DrawEllipseTest::test_ellipse__arg_invalid_types PASSED [  8%]
test/draw_test.py::DrawEllipseTest::test_ellipse__args PASSED            [  8%]
test/draw_test.py::DrawEllipseTest::test_ellipse__args_and_kwargs PASSED [  8%]
test/draw_test.py::DrawEllipseTest::test_ellipse__args_missing PASSED    [  8%]
test/draw_test.py::DrawEllipseTest::test_ellipse__args_with_negative_width PASSED [  8%]
test/draw_test.py::DrawEllipseTest::test_ellipse__args_with_width_gt_radius PASSED [  9%]
test/draw_test.py::DrawEllipseTest::test_ellipse__args_without_width PASSED [  9%]
test/draw_test.py::DrawEllipseTest::test_ellipse__big_ellipse PASSED     [  9%]
test/draw_test.py::DrawEllipseTest::test_ellipse__bounding_rect PASSED   [  9%]
test/draw_test.py::DrawEllipseTest::test_ellipse__invalid_color_formats PASSED [  9%]
test/draw_test.py::DrawEllipseTest::test_ellipse__kwarg_invalid_name PASSED [  9%]
test/draw_test.py::DrawEllipseTest::test_ellipse__kwarg_invalid_types PASSED [  9%]
test/draw_test.py::DrawEllipseTest::test_ellipse__kwargs PASSED          [  9%]
test/draw_test.py::DrawEllipseTest::test_ellipse__kwargs_missing PASSED  [  9%]
test/draw_test.py::DrawEllipseTest::test_ellipse__kwargs_order_independent PASSED [  9%]
test/draw_test.py::DrawEllipseTest::test_ellipse__max_width PASSED       [  9%]
test/draw_test.py::DrawEllipseTest::test_ellipse__no_holes PASSED        [  9%]
test/draw_test.py::DrawEllipseTest::test_ellipse__surface_clip PASSED    [  9%]
test/draw_test.py::DrawEllipseTest::test_ellipse__thick_line PASSED      [  9%]
test/draw_test.py::DrawEllipseTest::test_ellipse__valid_color_formats PASSED [  9%]
test/draw_test.py::DrawEllipseTest::test_ellipse__valid_rect_formats PASSED [  9%]
test/draw_test.py::DrawEllipseTest::test_ellipse__valid_width_values PASSED [  9%]
test/draw_test.py::DrawLineTest::test_line PASSED                        [  9%]
test/draw_test.py::DrawLineTest::test_line__arg_invalid_types PASSED     [  9%]
test/draw_test.py::DrawLineTest::test_line__args PASSED                  [ 10%]
test/draw_test.py::DrawLineTest::test_line__args_and_kwargs PASSED       [ 10%]
test/draw_test.py::DrawLineTest::test_line__args_missing PASSED          [ 10%]
test/draw_test.py::DrawLineTest::test_line__args_without_width PASSED    [ 10%]
test/draw_test.py::DrawLineTest::test_line__bounding_rect PASSED         [ 10%]
test/draw_test.py::DrawLineTest::test_line__color PASSED                 [ 10%]
test/draw_test.py::DrawLineTest::test_line__color_with_thickness PASSED  [ 10%]
test/draw_test.py::DrawLineTest::test_line__gaps PASSED                  [ 10%]
test/draw_test.py::DrawLineTest::test_line__gaps_with_thickness PASSED   [ 10%]
test/draw_test.py::DrawLineTest::test_line__invalid_color_formats PASSED [ 10%]
test/draw_test.py::DrawLineTest::test_line__invalid_end_pos_formats PASSED [ 10%]
test/draw_test.py::DrawLineTest::test_line__invalid_start_pos_formats PASSED [ 10%]
test/draw_test.py::DrawLineTest::test_line__kwarg_invalid_name PASSED    [ 10%]
test/draw_test.py::DrawLineTest::test_line__kwarg_invalid_types PASSED   [ 10%]
test/draw_test.py::DrawLineTest::test_line__kwargs PASSED                [ 10%]
test/draw_test.py::DrawLineTest::test_line__kwargs_missing PASSED        [ 10%]
test/draw_test.py::DrawLineTest::test_line__kwargs_order_independent PASSED [ 10%]
test/draw_test.py::DrawLineTest::test_line__surface_clip PASSED          [ 10%]
test/draw_test.py::DrawLineTest::test_line__valid_color_formats PASSED   [ 11%]
test/draw_test.py::DrawLineTest::test_line__valid_end_pos_formats PASSED [ 11%]
test/draw_test.py::DrawLineTest::test_line__valid_start_pos_formats PASSED [ 11%]
test/draw_test.py::DrawLineTest::test_line__valid_width_values PASSED    [ 11%]
test/draw_test.py::DrawLineTest::test_line_endianness PASSED             [ 11%]
test/draw_test.py::DrawLineTest::test_line_for_gaps PASSED               [ 11%]
test/draw_test.py::DrawLinesTest::test_lines__arg_invalid_types PASSED   [ 11%]
test/draw_test.py::DrawLinesTest::test_lines__args PASSED                [ 11%]
test/draw_test.py::DrawLinesTest::test_lines__args_and_kwargs PASSED     [ 11%]
test/draw_test.py::DrawLinesTest::test_lines__args_missing PASSED        [ 11%]
test/draw_test.py::DrawLinesTest::test_lines__args_without_width PASSED  [ 11%]
test/draw_test.py::DrawLinesTest::test_lines__bounding_rect PASSED       [ 11%]
test/draw_test.py::DrawLinesTest::test_lines__color PASSED               [ 11%]
test/draw_test.py::DrawLinesTest::test_lines__color_with_thickness PASSED [ 11%]
test/draw_test.py::DrawLinesTest::test_lines__gaps PASSED                [ 11%]
test/draw_test.py::DrawLinesTest::test_lines__gaps_with_thickness PASSED [ 11%]
test/draw_test.py::DrawLinesTest::test_lines__invalid_color_formats PASSED [ 11%]
test/draw_test.py::DrawLinesTest::test_lines__invalid_points_formats PASSED [ 11%]
test/draw_test.py::DrawLinesTest::test_lines__invalid_points_values PASSED [ 11%]
test/draw_test.py::DrawLinesTest::test_lines__kwarg_invalid_name PASSED  [ 12%]
test/draw_test.py::DrawLinesTest::test_lines__kwarg_invalid_types PASSED [ 12%]
test/draw_test.py::DrawLinesTest::test_lines__kwargs PASSED              [ 12%]
test/draw_test.py::DrawLinesTest::test_lines__kwargs_missing PASSED      [ 12%]
test/draw_test.py::DrawLinesTest::test_lines__kwargs_order_independent PASSED [ 12%]
test/draw_test.py::DrawLinesTest::test_lines__surface_clip PASSED        [ 12%]
test/draw_test.py::DrawLinesTest::test_lines__valid_closed_values PASSED [ 12%]
test/draw_test.py::DrawLinesTest::test_lines__valid_color_formats PASSED [ 12%]
test/draw_test.py::DrawLinesTest::test_lines__valid_points_format PASSED [ 12%]
test/draw_test.py::DrawLinesTest::test_lines__valid_width_values PASSED  [ 12%]
test/draw_test.py::DrawAALineTest::test_aaline__arg_invalid_types PASSED [ 12%]
test/draw_test.py::DrawAALineTest::test_aaline__args PASSED              [ 12%]
test/draw_test.py::DrawAALineTest::test_aaline__args_and_kwargs PASSED   [ 12%]
test/draw_test.py::DrawAALineTest::test_aaline__args_missing PASSED      [ 12%]
test/draw_test.py::DrawAALineTest::test_aaline__args_without_blend PASSED [ 12%]
test/draw_test.py::DrawAALineTest::test_aaline__blend_warning PASSED     [ 12%]
test/draw_test.py::DrawAALineTest::test_aaline__bounding_rect PASSED     [ 12%]
test/draw_test.py::DrawAALineTest::test_aaline__color PASSED             [ 12%]
test/draw_test.py::DrawAALineTest::test_aaline__gaps PASSED              [ 13%]
test/draw_test.py::DrawAALineTest::test_aaline__invalid_color_formats PASSED [ 13%]
test/draw_test.py::DrawAALineTest::test_aaline__invalid_end_pos_formats PASSED [ 13%]
test/draw_test.py::DrawAALineTest::test_aaline__invalid_start_pos_formats PASSED [ 13%]
test/draw_test.py::DrawAALineTest::test_aaline__kwarg_invalid_name PASSED [ 13%]
test/draw_test.py::DrawAALineTest::test_aaline__kwarg_invalid_types PASSED [ 13%]
test/draw_test.py::DrawAALineTest::test_aaline__kwargs PASSED            [ 13%]
test/draw_test.py::DrawAALineTest::test_aaline__kwargs_missing PASSED    [ 13%]
test/draw_test.py::DrawAALineTest::test_aaline__kwargs_order_independent PASSED [ 13%]
test/draw_test.py::DrawAALineTest::test_aaline__surface_clip PASSED      [ 13%]
test/draw_test.py::DrawAALineTest::test_aaline__valid_color_formats PASSED [ 13%]
test/draw_test.py::DrawAALineTest::test_aaline__valid_end_pos_formats PASSED [ 13%]
test/draw_test.py::DrawAALineTest::test_aaline__valid_start_pos_formats PASSED [ 13%]
test/draw_test.py::DrawAALineTest::test_aaline_endianness PASSED         [ 13%]
test/draw_test.py::DrawAALineTest::test_anti_aliasing_at_and_outside_the_border 
test/draw_test.py::DrawAALineTest::test_anti_aliasing_at_and_outside_the_border PASSED [ 13%]
test/draw_test.py::DrawAALineTest::test_anti_aliasing_float_coordinates 
test/draw_test.py::DrawAALineTest::test_anti_aliasing_float_coordinates PASSED [ 13%]
test/draw_test.py::DrawAALineTest::test_short_line_anti_aliasing 
test/draw_test.py::DrawAALineTest::test_short_line_anti_aliasing PASSED  [ 13%]
test/draw_test.py::DrawAALineTest::test_short_non_antialiased_lines 
test/draw_test.py::DrawAALineTest::test_short_non_antialiased_lines PASSED [ 13%]
test/draw_test.py::DrawAALinesTest::test_aalines__arg_invalid_types PASSED [ 13%]
test/draw_test.py::DrawAALinesTest::test_aalines__args PASSED            [ 14%]
test/draw_test.py::DrawAALinesTest::test_aalines__args_and_kwargs PASSED [ 14%]
test/draw_test.py::DrawAALinesTest::test_aalines__args_missing PASSED    [ 14%]
test/draw_test.py::DrawAALinesTest::test_aalines__args_without_blend PASSED [ 14%]
test/draw_test.py::DrawAALinesTest::test_aalines__blend_warning PASSED   [ 14%]
test/draw_test.py::DrawAALinesTest::test_aalines__bounding_rect PASSED   [ 14%]
test/draw_test.py::DrawAALinesTest::test_aalines__color PASSED           [ 14%]
test/draw_test.py::DrawAALinesTest::test_aalines__gaps PASSED            [ 14%]
test/draw_test.py::DrawAALinesTest::test_aalines__invalid_color_formats PASSED [ 14%]
test/draw_test.py::DrawAALinesTest::test_aalines__invalid_points_formats PASSED [ 14%]
test/draw_test.py::DrawAALinesTest::test_aalines__invalid_points_values PASSED [ 14%]
test/draw_test.py::DrawAALinesTest::test_aalines__kwarg_invalid_name PASSED [ 14%]
test/draw_test.py::DrawAALinesTest::test_aalines__kwarg_invalid_types PASSED [ 14%]
test/draw_test.py::DrawAALinesTest::test_aalines__kwargs PASSED          [ 14%]
test/draw_test.py::DrawAALinesTest::test_aalines__kwargs_missing PASSED  [ 14%]
test/draw_test.py::DrawAALinesTest::test_aalines__kwargs_order_independent PASSED [ 14%]
test/draw_test.py::DrawAALinesTest::test_aalines__surface_clip PASSED    [ 14%]
test/draw_test.py::DrawAALinesTest::test_aalines__valid_closed_values PASSED [ 14%]
test/draw_test.py::DrawAALinesTest::test_aalines__valid_color_formats PASSED [ 15%]
test/draw_test.py::DrawAALinesTest::test_aalines__valid_points_format PASSED [ 15%]
test/draw_test.py::DrawPolygonTest::test_1_pixel_high_or_wide_shapes PASSED [ 15%]
test/draw_test.py::DrawPolygonTest::test_draw_diamond PASSED             [ 15%]
test/draw_test.py::DrawPolygonTest::test_draw_square PASSED              [ 15%]
test/draw_test.py::DrawPolygonTest::test_draw_symetric_cross PASSED      [ 15%]
test/draw_test.py::DrawPolygonTest::test_illumine_shape PASSED           [ 15%]
test/draw_test.py::DrawPolygonTest::test_invalid_points PASSED           [ 15%]
test/draw_test.py::DrawPolygonTest::test_polygon__arg_invalid_types PASSED [ 15%]
test/draw_test.py::DrawPolygonTest::test_polygon__args PASSED            [ 15%]
test/draw_test.py::DrawPolygonTest::test_polygon__args_and_kwargs PASSED [ 15%]
test/draw_test.py::DrawPolygonTest::test_polygon__args_missing PASSED    [ 15%]
test/draw_test.py::DrawPolygonTest::test_polygon__args_without_width PASSED [ 15%]
test/draw_test.py::DrawPolygonTest::test_polygon__bounding_rect PASSED   [ 15%]
test/draw_test.py::DrawPolygonTest::test_polygon__invalid_color_formats PASSED [ 15%]
test/draw_test.py::DrawPolygonTest::test_polygon__invalid_points_formats PASSED [ 15%]
test/draw_test.py::DrawPolygonTest::test_polygon__invalid_points_values PASSED [ 15%]
test/draw_test.py::DrawPolygonTest::test_polygon__kwarg_invalid_name PASSED [ 15%]
test/draw_test.py::DrawPolygonTest::test_polygon__kwarg_invalid_types PASSED [ 15%]
test/draw_test.py::DrawPolygonTest::test_polygon__kwargs PASSED          [ 16%]
test/draw_test.py::DrawPolygonTest::test_polygon__kwargs_missing PASSED  [ 16%]
test/draw_test.py::DrawPolygonTest::test_polygon__kwargs_order_independent PASSED [ 16%]
test/draw_test.py::DrawPolygonTest::test_polygon__surface_clip PASSED    [ 16%]
test/draw_test.py::DrawPolygonTest::test_polygon__valid_color_formats PASSED [ 16%]
test/draw_test.py::DrawPolygonTest::test_polygon__valid_points_format PASSED [ 16%]
test/draw_test.py::DrawPolygonTest::test_polygon__valid_width_values PASSED [ 16%]
test/draw_test.py::DrawRectTest::test_rect__arg_invalid_types PASSED     [ 16%]
test/draw_test.py::DrawRectTest::test_rect__args PASSED                  [ 16%]
test/draw_test.py::DrawRectTest::test_rect__args_and_kwargs PASSED       [ 16%]
test/draw_test.py::DrawRectTest::test_rect__args_missing PASSED          [ 16%]
test/draw_test.py::DrawRectTest::test_rect__args_without_width PASSED    [ 16%]
test/draw_test.py::DrawRectTest::test_rect__bounding_rect PASSED         [ 16%]
test/draw_test.py::DrawRectTest::test_rect__draw_line_width PASSED       [ 16%]
test/draw_test.py::DrawRectTest::test_rect__fill PASSED                  [ 16%]
test/draw_test.py::DrawRectTest::test_rect__invalid_color_formats PASSED [ 16%]
test/draw_test.py::DrawRectTest::test_rect__invalid_rect_formats PASSED  [ 16%]
test/draw_test.py::DrawRectTest::test_rect__kwarg_invalid_name PASSED    [ 16%]
test/draw_test.py::DrawRectTest::test_rect__kwarg_invalid_types PASSED   [ 17%]
test/draw_test.py::DrawRectTest::test_rect__kwargs PASSED                [ 17%]
test/draw_test.py::DrawRectTest::test_rect__kwargs_missing PASSED        [ 17%]
test/draw_test.py::DrawRectTest::test_rect__kwargs_order_independent PASSED [ 17%]
test/draw_test.py::DrawRectTest::test_rect__one_pixel_lines PASSED       [ 17%]
test/draw_test.py::DrawRectTest::test_rect__surface_clip PASSED          [ 17%]
test/draw_test.py::DrawRectTest::test_rect__valid_color_formats PASSED   [ 17%]
test/draw_test.py::DrawRectTest::test_rect__valid_rect_formats PASSED    [ 17%]
test/draw_test.py::DrawRectTest::test_rect__valid_width_values PASSED    [ 17%]
test/draw_test.py::DrawCircleTest::test_circle__arg_invalid_types PASSED [ 17%]
test/draw_test.py::DrawCircleTest::test_circle__args PASSED              [ 17%]
test/draw_test.py::DrawCircleTest::test_circle__args_and_kwargs PASSED   [ 17%]
test/draw_test.py::DrawCircleTest::test_circle__args_missing PASSED      [ 17%]
test/draw_test.py::DrawCircleTest::test_circle__args_with_negative_width PASSED [ 17%]
test/draw_test.py::DrawCircleTest::test_circle__args_with_width_gt_radius PASSED [ 17%]
test/draw_test.py::DrawCircleTest::test_circle__args_without_width PASSED [ 17%]
test/draw_test.py::DrawCircleTest::test_circle__bounding_rect 
test/draw_test.py::DrawCircleTest::test_circle__bounding_rect PASSED     [ 17%]
test/draw_test.py::DrawCircleTest::test_circle__diameter PASSED          [ 17%]
test/draw_test.py::DrawCircleTest::test_circle__floats PASSED            [ 17%]
test/draw_test.py::DrawCircleTest::test_circle__invalid_color_formats PASSED [ 18%]
test/draw_test.py::DrawCircleTest::test_circle__kwarg_invalid_name PASSED [ 18%]
test/draw_test.py::DrawCircleTest::test_circle__kwarg_invalid_types PASSED [ 18%]
test/draw_test.py::DrawCircleTest::test_circle__kwargs PASSED            [ 18%]
test/draw_test.py::DrawCircleTest::test_circle__kwargs_missing PASSED    [ 18%]
test/draw_test.py::DrawCircleTest::test_circle__kwargs_order_independent PASSED [ 18%]
test/draw_test.py::DrawCircleTest::test_circle__surface_clip PASSED      [ 18%]
test/draw_test.py::DrawCircleTest::test_circle__valid_center_formats PASSED [ 18%]
test/draw_test.py::DrawCircleTest::test_circle__valid_color_formats PASSED [ 18%]
test/draw_test.py::DrawCircleTest::test_circle__valid_radius_values PASSED [ 18%]
test/draw_test.py::DrawCircleTest::test_circle__valid_width_values PASSED [ 18%]
test/draw_test.py::DrawCircleTest::test_circle_negative_radius PASSED    [ 18%]
test/draw_test.py::DrawCircleTest::test_circle_shape PASSED              [ 18%]
test/draw_test.py::DrawCircleTest::test_circle_zero_radius PASSED        [ 18%]
test/draw_test.py::DrawCircleTest::test_x_bounds PASSED                  [ 18%]
test/draw_test.py::DrawArcTest::test_arc PASSED                          [ 18%]
test/draw_test.py::DrawArcTest::test_arc__arg_invalid_types PASSED       [ 18%]
test/draw_test.py::DrawArcTest::test_arc__args PASSED                    [ 18%]
test/draw_test.py::DrawArcTest::test_arc__args_and_kwargs PASSED         [ 19%]
test/draw_test.py::DrawArcTest::test_arc__args_missing PASSED            [ 19%]
test/draw_test.py::DrawArcTest::test_arc__args_with_negative_width PASSED [ 19%]
test/draw_test.py::DrawArcTest::test_arc__args_with_width_gt_radius PASSED [ 19%]
test/draw_test.py::DrawArcTest::test_arc__args_without_width PASSED      [ 19%]
test/draw_test.py::DrawArcTest::test_arc__bounding_rect PASSED           [ 19%]
test/draw_test.py::DrawArcTest::test_arc__invalid_color_formats PASSED   [ 19%]
test/draw_test.py::DrawArcTest::test_arc__kwarg_invalid_name PASSED      [ 19%]
test/draw_test.py::DrawArcTest::test_arc__kwarg_invalid_types PASSED     [ 19%]
test/draw_test.py::DrawArcTest::test_arc__kwargs PASSED                  [ 19%]
test/draw_test.py::DrawArcTest::test_arc__kwargs_missing PASSED          [ 19%]
test/draw_test.py::DrawArcTest::test_arc__kwargs_order_independent PASSED [ 19%]
test/draw_test.py::DrawArcTest::test_arc__surface_clip PASSED            [ 19%]
test/draw_test.py::DrawArcTest::test_arc__valid_color_formats PASSED     [ 19%]
test/draw_test.py::DrawArcTest::test_arc__valid_rect_formats PASSED      [ 19%]
test/draw_test.py::DrawArcTest::test_arc__valid_start_angle_values PASSED [ 19%]
test/draw_test.py::DrawArcTest::test_arc__valid_stop_angle_values PASSED [ 19%]
test/draw_test.py::DrawArcTest::test_arc__valid_width_values PASSED      [ 19%]
test/draw_test.py::DrawModuleTest::test_color_validation PASSED          [ 19%]
test/draw_test.py::DrawModuleTest::test_path_data_validation PASSED      [ 20%]
test/event_test.py::EventTypeTest::test_Event PASSED                     [ 20%]
test/event_test.py::EventTypeTest::test_as_str PASSED                    [ 20%]
test/event_test.py::EventTypeTest::test_event_bool PASSED                [ 20%]
test/event_test.py::EventTypeTest::test_event_equality PASSED            [ 20%]
test/event_test.py::EventModuleArgsTest::test_clear PASSED               [ 20%]
test/event_test.py::EventModuleArgsTest::test_get PASSED                 [ 20%]
test/event_test.py::EventModuleArgsTest::test_peek PASSED                [ 20%]
test/event_test.py::EventCustomTypeTest::test_custom_type PASSED         [ 20%]
test/event_test.py::EventCustomTypeTest::test_custom_type__end_boundary PASSED [ 20%]
test/event_test.py::EventCustomTypeTest::test_custom_type__reset PASSED  [ 20%]
test/event_test.py::EventModuleTest::test_clear PASSED                   [ 20%]
test/event_test.py::EventModuleTest::test_clear__empty_queue PASSED      [ 20%]
test/event_test.py::EventModuleTest::test_clear__event_sequence PASSED   [ 20%]
test/event_test.py::EventModuleTest::test_event_attribute PASSED         [ 20%]
test/event_test.py::EventModuleTest::test_event_name PASSED              [ 20%]
test/event_test.py::EventModuleTest::test_event_name__userevent_boundary PASSED [ 20%]
test/event_test.py::EventModuleTest::test_event_name__userevent_range PASSED [ 20%]
test/event_test.py::EventModuleTest::test_event_numevents PASSED         [ 21%]
test/event_test.py::EventModuleTest::test_get PASSED                     [ 21%]
test/event_test.py::EventModuleTest::test_get__empty_queue PASSED        [ 21%]
test/event_test.py::EventModuleTest::test_get__event_sequence PASSED     [ 21%]
test/event_test.py::EventModuleTest::test_get_blocked PASSED             [ 21%]
test/event_test.py::EventModuleTest::test_get_blocked__event_sequence PASSED [ 21%]
test/event_test.py::EventModuleTest::test_get_clears_queue PASSED        [ 21%]
test/event_test.py::EventModuleTest::test_get_exclude PASSED             [ 21%]
test/event_test.py::EventModuleTest::test_get_exclude_throw PASSED       [ 21%]
test/event_test.py::EventModuleTest::test_get_grab SKIPPED (flaky te...) [ 21%]
test/event_test.py::EventModuleTest::test_get_type PASSED                [ 21%]
test/event_test.py::EventModuleTest::test_peek PASSED                    [ 21%]
test/event_test.py::EventModuleTest::test_peek__empty_queue PASSED       [ 21%]
test/event_test.py::EventModuleTest::test_peek__event_sequence PASSED    [ 21%]
test/event_test.py::EventModuleTest::test_poll PASSED                    [ 21%]
test/event_test.py::EventModuleTest::test_post__and_poll PASSED          [ 21%]
test/event_test.py::EventModuleTest::test_post_and_get_keydown PASSED    [ 21%]
test/event_test.py::EventModuleTest::test_post_blocked PASSED            [ 21%]
test/event_test.py::EventModuleTest::test_post_large_user_event PASSED   [ 21%]
test/event_test.py::EventModuleTest::test_pump PASSED                    [ 22%]
test/event_test.py::EventModuleTest::test_set_allowed PASSED             [ 22%]
test/event_test.py::EventModuleTest::test_set_allowed__event_sequence PASSED [ 22%]
test/event_test.py::EventModuleTest::test_set_allowed_all PASSED         [ 22%]
test/event_test.py::EventModuleTest::test_set_blocked PASSED             [ 22%]
test/event_test.py::EventModuleTest::test_set_blocked__event_sequence PASSED [ 22%]
test/event_test.py::EventModuleTest::test_set_blocked_all PASSED         [ 22%]
test/event_test.py::EventModuleTest::test_set_grab__and_get_symmetric SKIPPED [ 22%]
test/event_test.py::EventModuleTestsWithTiming::test_event_wait PASSED   [ 22%]
test/font_test.py::FontModuleTest::test_SysFont PASSED                   [ 22%]
test/font_test.py::FontModuleTest::test_get_default_font PASSED          [ 22%]
test/font_test.py::FontModuleTest::test_get_fonts PASSED                 [ 22%]
test/font_test.py::FontModuleTest::test_get_fonts_returns_something PASSED [ 22%]
test/font_test.py::FontModuleTest::test_get_init PASSED                  [ 22%]
test/font_test.py::FontModuleTest::test_get_sdl_ttf_version PASSED       [ 22%]
test/font_test.py::FontModuleTest::test_init PASSED                      [ 22%]
test/font_test.py::FontModuleTest::test_issue_742 PASSED                 [ 22%]
test/font_test.py::FontModuleTest::test_issue_font_alphablit PASSED      [ 22%]
test/font_test.py::FontModuleTest::test_match_font_all_exist PASSED      [ 23%]
test/font_test.py::FontModuleTest::test_match_font_bold PASSED           [ 23%]
test/font_test.py::FontModuleTest::test_match_font_italic PASSED         [ 23%]
test/font_test.py::FontModuleTest::test_match_font_name PASSED           [ 23%]
test/font_test.py::FontModuleTest::test_not_match_font_name PASSED       [ 23%]
test/font_test.py::FontModuleTest::test_quit PASSED                      [ 23%]
test/font_test.py::FontModuleTest::test_segfault_after_reinit PASSED     [ 23%]
test/font_test.py::FontTest::test_render_args PASSED                     [ 23%]
test/font_test.py::FontTypeTest::test_bold_attr PASSED                   [ 23%]
test/font_test.py::FontTypeTest::test_default_parameters PASSED          [ 23%]
test/font_test.py::FontTypeTest::test_font_file_not_found PASSED         [ 23%]
test/font_test.py::FontTypeTest::test_font_set_script PASSED             [ 23%]
test/font_test.py::FontTypeTest::test_get_ascent PASSED                  [ 23%]
test/font_test.py::FontTypeTest::test_get_descent PASSED                 [ 23%]
test/font_test.py::FontTypeTest::test_get_height PASSED                  [ 23%]
test/font_test.py::FontTypeTest::test_get_linesize PASSED                [ 23%]
test/font_test.py::FontTypeTest::test_issue_3144 PASSED                  [ 23%]
test/font_test.py::FontTypeTest::test_load_default_font_filename PASSED  [ 23%]
test/font_test.py::FontTypeTest::test_load_default_font_filename_default PASSED [ 23%]
test/font_test.py::FontTypeTest::test_load_from_file PASSED              [ 24%]
test/font_test.py::FontTypeTest::test_load_from_file_bytes PASSED        [ 24%]
test/font_test.py::FontTypeTest::test_load_from_file_default PASSED      [ 24%]
test/font_test.py::FontTypeTest::test_load_from_file_obj PASSED          [ 24%]
test/font_test.py::FontTypeTest::test_load_from_file_obj_default PASSED  [ 24%]
test/font_test.py::FontTypeTest::test_load_from_file_unicode_0 PASSED    [ 24%]
test/font_test.py::FontTypeTest::test_load_from_file_unicode_1 PASSED    [ 24%]
test/font_test.py::FontTypeTest::test_load_from_pathlib PASSED           [ 24%]
test/font_test.py::FontTypeTest::test_load_from_pathlib_default PASSED   [ 24%]
test/font_test.py::FontTypeTest::test_metrics PASSED                     [ 24%]
test/font_test.py::FontTypeTest::test_render PASSED                      [ 24%]
test/font_test.py::FontTypeTest::test_render_ucs2_ucs4 PASSED            [ 24%]
test/font_test.py::FontTypeTest::test_set_bold PASSED                    [ 24%]
test/font_test.py::FontTypeTest::test_set_italic PASSED                  [ 24%]
test/font_test.py::FontTypeTest::test_set_italic_property PASSED         [ 24%]
test/font_test.py::FontTypeTest::test_set_strikethrough PASSED           [ 24%]
test/font_test.py::FontTypeTest::test_set_strikethrough_property PASSED  [ 24%]
test/font_test.py::FontTypeTest::test_set_underline PASSED               [ 24%]
test/font_test.py::FontTypeTest::test_set_underline_property PASSED      [ 25%]
test/font_test.py::FontTypeTest::test_size PASSED                        [ 25%]
test/freetype_test.py::FreeTypeFontTest::test_display_surface_quit PASSED [ 25%]
test/freetype_test.py::FreeTypeFontTest::test_freetype_Font_bgcolor PASSED [ 25%]
test/freetype_test.py::FreeTypeFontTest::test_freetype_Font_bitmap_files PASSED [ 25%]
test/freetype_test.py::FreeTypeFontTest::test_freetype_Font_dealloc PASSED [ 25%]
test/freetype_test.py::FreeTypeFontTest::test_freetype_Font_fgcolor PASSED [ 25%]
test/freetype_test.py::FreeTypeFontTest::test_freetype_Font_fixed_sizes PASSED [ 25%]
test/freetype_test.py::FreeTypeFontTest::test_freetype_Font_fixed_width PASSED [ 25%]
test/freetype_test.py::FreeTypeFontTest::test_freetype_Font_get_metrics PASSED [ 25%]
test/freetype_test.py::FreeTypeFontTest::test_freetype_Font_get_rect PASSED [ 25%]
test/freetype_test.py::FreeTypeFontTest::test_freetype_Font_get_sizes PASSED [ 25%]
test/freetype_test.py::FreeTypeFontTest::test_freetype_Font_height PASSED [ 25%]
test/freetype_test.py::FreeTypeFontTest::test_freetype_Font_init PASSED  [ 25%]
test/freetype_test.py::FreeTypeFontTest::test_freetype_Font_kerning PASSED [ 25%]
test/freetype_test.py::FreeTypeFontTest::test_freetype_Font_kerning__enabled PASSED [ 25%]
test/freetype_test.py::FreeTypeFontTest::test_freetype_Font_name PASSED  [ 25%]
test/freetype_test.py::FreeTypeFontTest::test_freetype_Font_path PASSED  [ 25%]
test/freetype_test.py::FreeTypeFontTest::test_freetype_Font_render PASSED [ 25%]
test/freetype_test.py::FreeTypeFontTest::test_freetype_Font_render_mono PASSED [ 26%]
test/freetype_test.py::FreeTypeFontTest::test_freetype_Font_render_raw PASSED [ 26%]
test/freetype_test.py::FreeTypeFontTest::test_freetype_Font_render_raw_to PASSED [ 26%]
test/freetype_test.py::FreeTypeFontTest::test_freetype_Font_render_to PASSED [ 26%]
test/freetype_test.py::FreeTypeFontTest::test_freetype_Font_render_to_mono PASSED [ 26%]
test/freetype_test.py::FreeTypeFontTest::test_freetype_Font_resolution PASSED [ 26%]
test/freetype_test.py::FreeTypeFontTest::test_freetype_Font_rotation PASSED [ 26%]
test/freetype_test.py::FreeTypeFontTest::test_freetype_Font_scalable PASSED [ 26%]
test/freetype_test.py::FreeTypeFontTest::test_freetype_Font_size PASSED  [ 26%]
test/freetype_test.py::FreeTypeFontTest::test_freetype_Font_style PASSED [ 26%]
test/freetype_test.py::FreeTypeFontTest::test_freetype_Font_text_is_None PASSED [ 26%]
test/freetype_test.py::FreeTypeFontTest::test_freetype_Font_text_is_None_with_arr PASSED [ 26%]
test/freetype_test.py::FreeTypeFontTest::test_freetype_Font_use_bitmap_strikes PASSED [ 26%]
test/freetype_test.py::FreeTypeFontTest::test_freetype_defaultfont PASSED [ 26%]
test/freetype_test.py::FreeTypeFontTest::test_garbage_collection PASSED  [ 26%]
test/freetype_test.py::FreeTypeFontTest::test_issue_237 PASSED           [ 26%]
test/freetype_test.py::FreeTypeFontTest::test_issue_242 PASSED           [ 26%]
test/freetype_test.py::FreeTypeFontTest::test_issue_243 PASSED           [ 26%]
test/freetype_test.py::FreeTypeFontTest::test_issue_565 PASSED           [ 26%]
test/freetype_test.py::FreeTypeFontTest::test_newbuf PASSED              [ 27%]
test/freetype_test.py::FreeTypeFontTest::test_pathlib PASSED             [ 27%]
test/freetype_test.py::FreeTypeFontTest::test_undefined_character_code PASSED [ 27%]
test/freetype_test.py::FreeTypeTest::test_autoinit_and_autoquit PASSED   [ 27%]
test/freetype_test.py::FreeTypeTest::test_cache_size PASSED              [ 27%]
test/freetype_test.py::FreeTypeTest::test_get_error PASSED               [ 27%]
test/freetype_test.py::FreeTypeTest::test_get_init PASSED                [ 27%]
test/freetype_test.py::FreeTypeTest::test_get_version PASSED             [ 27%]
test/freetype_test.py::FreeTypeTest::test_init PASSED                    [ 27%]
test/freetype_test.py::FreeTypeTest::test_init__multiple PASSED          [ 27%]
test/freetype_test.py::FreeTypeTest::test_quit PASSED                    [ 27%]
test/freetype_test.py::FreeTypeTest::test_quit__multiple PASSED          [ 27%]
test/freetype_test.py::FreeTypeTest::test_resolution PASSED              [ 27%]
test/gfxdraw_test.py::GfxdrawDefaultTest::test_aacircle PASSED           [ 27%]
test/gfxdraw_test.py::GfxdrawDefaultTest::test_aaellipse PASSED          [ 27%]
test/gfxdraw_test.py::GfxdrawDefaultTest::test_aapolygon PASSED          [ 27%]
test/gfxdraw_test.py::GfxdrawDefaultTest::test_aapolygon__with_horizontal_edge PASSED [ 27%]
test/gfxdraw_test.py::GfxdrawDefaultTest::test_aatrigon PASSED           [ 27%]
test/gfxdraw_test.py::GfxdrawDefaultTest::test_aatrigon__with_horizontal_edge PASSED [ 28%]
test/gfxdraw_test.py::GfxdrawDefaultTest::test_arc PASSED                [ 28%]
test/gfxdraw_test.py::GfxdrawDefaultTest::test_bezier PASSED             [ 28%]
test/gfxdraw_test.py::GfxdrawDefaultTest::test_box PASSED                [ 28%]
test/gfxdraw_test.py::GfxdrawDefaultTest::test_circle PASSED             [ 28%]
test/gfxdraw_test.py::GfxdrawDefaultTest::test_ellipse PASSED            [ 28%]
test/gfxdraw_test.py::GfxdrawDefaultTest::test_filled_circle PASSED      [ 28%]
test/gfxdraw_test.py::GfxdrawDefaultTest::test_filled_ellipse PASSED     [ 28%]
test/gfxdraw_test.py::GfxdrawDefaultTest::test_filled_polygon PASSED     [ 28%]
test/gfxdraw_test.py::GfxdrawDefaultTest::test_filled_trigon PASSED      [ 28%]
test/gfxdraw_test.py::GfxdrawDefaultTest::test_gfxdraw__subclassed_surface PASSED [ 28%]
test/gfxdraw_test.py::GfxdrawDefaultTest::test_hline PASSED              [ 28%]
test/gfxdraw_test.py::GfxdrawDefaultTest::test_line PASSED               [ 28%]
test/gfxdraw_test.py::GfxdrawDefaultTest::test_pie PASSED                [ 28%]
test/gfxdraw_test.py::GfxdrawDefaultTest::test_pixel PASSED              [ 28%]
test/gfxdraw_test.py::GfxdrawDefaultTest::test_polygon PASSED            [ 28%]
test/gfxdraw_test.py::GfxdrawDefaultTest::test_rectangle PASSED          [ 28%]
test/gfxdraw_test.py::GfxdrawDefaultTest::test_textured_polygon PASSED   [ 28%]
test/gfxdraw_test.py::GfxdrawDefaultTest::test_trigon PASSED             [ 28%]
test/gfxdraw_test.py::GfxdrawDefaultTest::test_vline PASSED              [ 29%]
test/image_test.py::test_magic ERROR                                     [ 29%]
test/image_test.py::ImageModuleTest::testLoadBytesIO 
test/image_test.py::ImageModuleTest::testLoadBytesIO PASSED              [ 29%]
test/image_test.py::ImageModuleTest::testLoadIcon PASSED                 [ 29%]
test/image_test.py::ImageModuleTest::testLoadJPG PASSED                  [ 29%]
test/image_test.py::ImageModuleTest::testLoadPNG PASSED                  [ 29%]
test/image_test.py::ImageModuleTest::testSaveJPG PASSED                  [ 29%]
test/image_test.py::ImageModuleTest::testSavePNG24 PASSED                [ 29%]
test/image_test.py::ImageModuleTest::testSavePNG32 PASSED                [ 29%]
test/image_test.py::ImageModuleTest::testSavePNG8 PASSED                 [ 29%]
test/image_test.py::ImageModuleTest::testSavePaletteAsPNG8 PASSED        [ 29%]
test/image_test.py::ImageModuleTest::test_from_to_bytes_exists PASSED    [ 29%]
test/image_test.py::ImageModuleTest::test_frombuffer_8bit PASSED         [ 29%]
test/image_test.py::ImageModuleTest::test_frombuffer_ARGB PASSED         [ 29%]
test/image_test.py::ImageModuleTest::test_frombuffer_BGR PASSED          [ 29%]
test/image_test.py::ImageModuleTest::test_frombuffer_BGRA PASSED         [ 29%]
test/image_test.py::ImageModuleTest::test_frombuffer_RGB PASSED          [ 29%]
test/image_test.py::ImageModuleTest::test_frombuffer_RGBA PASSED         [ 29%]
test/image_test.py::ImageModuleTest::test_frombuffer_RGBX PASSED         [ 30%]
test/image_test.py::ImageModuleTest::test_fromstring__and_tostring PASSED [ 30%]
test/image_test.py::ImageModuleTest::test_get_extended PASSED            [ 30%]
test/image_test.py::ImageModuleTest::test_get_sdl_image_version PASSED   [ 30%]
test/image_test.py::ImageModuleTest::test_load_basic PASSED              [ 30%]
test/image_test.py::ImageModuleTest::test_load_bmp_threads PASSED        [ 30%]
test/image_test.py::ImageModuleTest::test_load_extended 
test/image_test.py::ImageModuleTest::test_load_extended PASSED           [ 30%]
test/image_test.py::ImageModuleTest::test_load_gif_threads PASSED        [ 30%]
test/image_test.py::ImageModuleTest::test_load_jpg_threads PASSED        [ 30%]
test/image_test.py::ImageModuleTest::test_load_pathlib PASSED            [ 30%]
test/image_test.py::ImageModuleTest::test_load_png_threads PASSED        [ 30%]
test/image_test.py::ImageModuleTest::test_load_unicode_path PASSED       [ 30%]
test/image_test.py::ImageModuleTest::test_save PASSED                    [ 30%]
test/image_test.py::ImageModuleTest::test_save__to_fileobject_w_namehint_argument PASSED [ 30%]
test/image_test.py::ImageModuleTest::test_save_colorkey PASSED           [ 30%]
test/image_test.py::ImageModuleTest::test_save_extended PASSED           [ 30%]
test/image_test.py::ImageModuleTest::test_save_pathlib PASSED            [ 30%]
test/image_test.py::ImageModuleTest::test_save_tga PASSED                [ 30%]
test/image_test.py::ImageModuleTest::test_save_to_fileobject PASSED      [ 30%]
test/image_test.py::ImageModuleTest::test_save_unicode_path PASSED       [ 31%]
test/image_test.py::ImageModuleTest::test_to_string__premultiplied PASSED [ 31%]
test/image_test.py::ImageModuleTest::test_tostring_depth_24 PASSED       [ 31%]
test/imageext_test.py::ImageextModuleTest::test_load_bad_filename SKIPPED [ 31%]
test/imageext_test.py::ImageextModuleTest::test_load_non_string_file PASSED [ 31%]
test/imageext_test.py::ImageextModuleTest::test_load_unicode_path_0 PASSED [ 31%]
test/imageext_test.py::ImageextModuleTest::test_load_unicode_path_1 PASSED [ 31%]
test/imageext_test.py::ImageextModuleTest::test_load_unknown_extension PASSED [ 31%]
test/imageext_test.py::ImageextModuleTest::test_load_unknown_file PASSED [ 31%]
test/imageext_test.py::ImageextModuleTest::test_save_bad_filename SKIPPED [ 31%]
test/imageext_test.py::ImageextModuleTest::test_save_non_string_file PASSED [ 31%]
test/imageext_test.py::ImageextModuleTest::test_save_unicode_path_0 PASSED [ 31%]
test/imageext_test.py::ImageextModuleTest::test_save_unicode_path_1 PASSED [ 31%]
test/imageext_test.py::ImageextModuleTest::test_save_unknown_extension PASSED [ 31%]
test/joystick_test.py::JoystickModuleTest::test_get_count PASSED         [ 31%]
test/joystick_test.py::JoystickModuleTest::test_get_init PASSED          [ 31%]
test/joystick_test.py::JoystickModuleTest::test_init PASSED              [ 31%]
test/joystick_test.py::JoystickModuleTest::test_quit PASSED              [ 31%]
test/key_test.py::KeyModuleTest::test_get_focused SKIPPED (flaky tes...) [ 32%]
test/key_test.py::KeyModuleTest::test_get_pressed PASSED                 [ 32%]
test/key_test.py::KeyModuleTest::test_get_pressed_not_iter PASSED        [ 32%]
test/key_test.py::KeyModuleTest::test_import PASSED                      [ 32%]
test/key_test.py::KeyModuleTest::test_name_and_key_code PASSED           [ 32%]
test/key_test.py::KeyModuleTest::test_set_and_get_mods PASSED            [ 32%]
test/key_test.py::KeyModuleTest::test_set_and_get_repeat PASSED          [ 32%]
test/locals_test.py::LocalsTest::test_locals_has_all_constants PASSED    [ 32%]
test/mask_test.py::MaskTypeTest::test_angle PASSED                       [ 32%]
test/mask_test.py::MaskTypeTest::test_angle__empty_mask PASSED           [ 32%]
test/mask_test.py::MaskTypeTest::test_centroid PASSED                    [ 32%]
test/mask_test.py::MaskTypeTest::test_centroid__all_corners PASSED       [ 32%]
test/mask_test.py::MaskTypeTest::test_centroid__empty_mask PASSED        [ 32%]
test/mask_test.py::MaskTypeTest::test_centroid__single_column PASSED     [ 32%]
test/mask_test.py::MaskTypeTest::test_centroid__single_row PASSED        [ 32%]
test/mask_test.py::MaskTypeTest::test_centroid__two_columns PASSED       [ 32%]
test/mask_test.py::MaskTypeTest::test_centroid__two_corners PASSED       [ 32%]
test/mask_test.py::MaskTypeTest::test_centroid__two_rows PASSED          [ 32%]
test/mask_test.py::MaskTypeTest::test_clear PASSED                       [ 32%]
test/mask_test.py::MaskTypeTest::test_clear__bit_boundaries PASSED       [ 33%]
test/mask_test.py::MaskTypeTest::test_connected_component PASSED         [ 33%]
test/mask_test.py::MaskTypeTest::test_connected_component__empty_mask PASSED [ 33%]
test/mask_test.py::MaskTypeTest::test_connected_component__full_mask PASSED [ 33%]
test/mask_test.py::MaskTypeTest::test_connected_component__multi_set_bits PASSED [ 33%]
test/mask_test.py::MaskTypeTest::test_connected_component__one_set_bit PASSED [ 33%]
test/mask_test.py::MaskTypeTest::test_connected_component__out_of_bounds PASSED [ 33%]
test/mask_test.py::MaskTypeTest::test_connected_component__unset_bit PASSED [ 33%]
test/mask_test.py::MaskTypeTest::test_connected_components PASSED        [ 33%]
test/mask_test.py::MaskTypeTest::test_connected_components__negative_min_with_empty_mask PASSED [ 33%]
test/mask_test.py::MaskTypeTest::test_connected_components__negative_min_with_full_mask PASSED [ 33%]
test/mask_test.py::MaskTypeTest::test_connected_components__negative_min_with_some_bits_set PASSED [ 33%]
test/mask_test.py::MaskTypeTest::test_convolve PASSED                    [ 33%]
test/mask_test.py::MaskTypeTest::test_convolve__out_of_range PASSED      [ 33%]
test/mask_test.py::MaskTypeTest::test_convolve__point_identities PASSED  [ 33%]
test/mask_test.py::MaskTypeTest::test_convolve__size PASSED              [ 33%]
test/mask_test.py::MaskTypeTest::test_convolve__with_output PASSED       [ 33%]
test/mask_test.py::MaskTypeTest::test_copy PASSED                        [ 33%]
test/mask_test.py::MaskTypeTest::test_copy__empty PASSED                 [ 34%]
test/mask_test.py::MaskTypeTest::test_copy__full PASSED                  [ 34%]
test/mask_test.py::MaskTypeTest::test_copy__independent PASSED           [ 34%]
test/mask_test.py::MaskTypeTest::test_count PASSED                       [ 34%]
test/mask_test.py::MaskTypeTest::test_count__bit_boundaries PASSED       [ 34%]
test/mask_test.py::MaskTypeTest::test_count__empty_mask PASSED           [ 34%]
test/mask_test.py::MaskTypeTest::test_count__full_mask PASSED            [ 34%]
test/mask_test.py::MaskTypeTest::test_draw PASSED                        [ 34%]
test/mask_test.py::MaskTypeTest::test_draw__bit_boundaries PASSED        [ 34%]
test/mask_test.py::MaskTypeTest::test_draw__invalid_mask_arg PASSED      [ 34%]
test/mask_test.py::MaskTypeTest::test_draw__invalid_offset_arg PASSED    [ 34%]
test/mask_test.py::MaskTypeTest::test_draw__offset PASSED                [ 34%]
test/mask_test.py::MaskTypeTest::test_draw__offset_boundary PASSED       [ 34%]
test/mask_test.py::MaskTypeTest::test_draw__specific_offsets PASSED      [ 34%]
test/mask_test.py::MaskTypeTest::test_drawing PASSED                     [ 34%]
test/mask_test.py::MaskTypeTest::test_erase PASSED                       [ 34%]
test/mask_test.py::MaskTypeTest::test_erase__bit_boundaries PASSED       [ 34%]
test/mask_test.py::MaskTypeTest::test_erase__invalid_mask_arg PASSED     [ 34%]
test/mask_test.py::MaskTypeTest::test_erase__invalid_offset_arg PASSED   [ 34%]
test/mask_test.py::MaskTypeTest::test_erase__offset PASSED               [ 35%]
test/mask_test.py::MaskTypeTest::test_erase__offset_boundary PASSED      [ 35%]
test/mask_test.py::MaskTypeTest::test_erase__specific_offsets PASSED     [ 35%]
test/mask_test.py::MaskTypeTest::test_fill PASSED                        [ 35%]
test/mask_test.py::MaskTypeTest::test_fill__bit_boundaries PASSED        [ 35%]
test/mask_test.py::MaskTypeTest::test_get_at PASSED                      [ 35%]
test/mask_test.py::MaskTypeTest::test_get_at__out_of_bounds PASSED       [ 35%]
test/mask_test.py::MaskTypeTest::test_get_bounding_rects PASSED          [ 35%]
test/mask_test.py::MaskTypeTest::test_get_rect PASSED                    [ 35%]
test/mask_test.py::MaskTypeTest::test_get_rect__invalid_kwarg_format PASSED [ 35%]
test/mask_test.py::MaskTypeTest::test_get_rect__invalid_kwarg_name PASSED [ 35%]
test/mask_test.py::MaskTypeTest::test_get_rect__multiple_kwargs PASSED   [ 35%]
test/mask_test.py::MaskTypeTest::test_get_rect__no_arg_support PASSED    [ 35%]
test/mask_test.py::MaskTypeTest::test_get_rect__one_kwarg PASSED         [ 35%]
test/mask_test.py::MaskTypeTest::test_get_size PASSED                    [ 35%]
test/mask_test.py::MaskTypeTest::test_invert PASSED                      [ 35%]
test/mask_test.py::MaskTypeTest::test_invert__bit_boundaries PASSED      [ 35%]
test/mask_test.py::MaskTypeTest::test_invert__empty PASSED               [ 35%]
test/mask_test.py::MaskTypeTest::test_invert__full PASSED                [ 36%]
test/mask_test.py::MaskTypeTest::test_mask PASSED                        [ 36%]
test/mask_test.py::MaskTypeTest::test_mask__fill_arg PASSED              [ 36%]
test/mask_test.py::MaskTypeTest::test_mask__fill_kwarg PASSED            [ 36%]
test/mask_test.py::MaskTypeTest::test_mask__fill_kwarg_bit_boundaries PASSED [ 36%]
test/mask_test.py::MaskTypeTest::test_mask__negative_size PASSED         [ 36%]
test/mask_test.py::MaskTypeTest::test_mask__size_kwarg PASSED            [ 36%]
test/mask_test.py::MaskTypeTest::test_mask_access PASSED                 [ 36%]
test/mask_test.py::MaskTypeTest::test_outline PASSED                     [ 36%]
test/mask_test.py::MaskTypeTest::test_overlap PASSED                     [ 36%]
test/mask_test.py::MaskTypeTest::test_overlap__bit_boundaries PASSED     [ 36%]
test/mask_test.py::MaskTypeTest::test_overlap__invalid_mask_arg PASSED   [ 36%]
test/mask_test.py::MaskTypeTest::test_overlap__invalid_offset_arg PASSED [ 36%]
test/mask_test.py::MaskTypeTest::test_overlap__no_overlap PASSED         [ 36%]
test/mask_test.py::MaskTypeTest::test_overlap__offset PASSED             [ 36%]
test/mask_test.py::MaskTypeTest::test_overlap__offset_boundary PASSED    [ 36%]
test/mask_test.py::MaskTypeTest::test_overlap__offset_with_unset_bits PASSED [ 36%]
test/mask_test.py::MaskTypeTest::test_overlap_area PASSED                [ 36%]
test/mask_test.py::MaskTypeTest::test_overlap_area__bit_boundaries PASSED [ 36%]
test/mask_test.py::MaskTypeTest::test_overlap_area__invalid_mask_arg PASSED [ 37%]
test/mask_test.py::MaskTypeTest::test_overlap_area__invalid_offset_arg PASSED [ 37%]
test/mask_test.py::MaskTypeTest::test_overlap_area__offset PASSED        [ 37%]
test/mask_test.py::MaskTypeTest::test_overlap_area__offset_boundary PASSED [ 37%]
test/mask_test.py::MaskTypeTest::test_overlap_mask PASSED                [ 37%]
test/mask_test.py::MaskTypeTest::test_overlap_mask__bit_boundaries PASSED [ 37%]
test/mask_test.py::MaskTypeTest::test_overlap_mask__bits_set PASSED      [ 37%]
test/mask_test.py::MaskTypeTest::test_overlap_mask__invalid_mask_arg PASSED [ 37%]
test/mask_test.py::MaskTypeTest::test_overlap_mask__invalid_offset_arg PASSED [ 37%]
test/mask_test.py::MaskTypeTest::test_overlap_mask__offset PASSED        [ 37%]
test/mask_test.py::MaskTypeTest::test_overlap_mask__offset_boundary PASSED [ 37%]
test/mask_test.py::MaskTypeTest::test_overlap_mask__specific_offsets PASSED [ 37%]
test/mask_test.py::MaskTypeTest::test_scale PASSED                       [ 37%]
test/mask_test.py::MaskTypeTest::test_scale__negative_size PASSED        [ 37%]
test/mask_test.py::MaskTypeTest::test_set_at PASSED                      [ 37%]
test/mask_test.py::MaskTypeTest::test_set_at__default_value PASSED       [ 37%]
test/mask_test.py::MaskTypeTest::test_set_at__out_of_bounds PASSED       [ 37%]
test/mask_test.py::MaskTypeTest::test_set_at__to_0 PASSED                [ 37%]
test/mask_test.py::MaskTypeTest::test_to_surface PASSED                  [ 38%]
test/mask_test.py::MaskTypeTest::test_to_surface__all_surfaces_different_sizes_than_mask PASSED [ 38%]
test/mask_test.py::MaskTypeTest::test_to_surface__area_default PASSED    [ 38%]
test/mask_test.py::MaskTypeTest::test_to_surface__area_locations XFAIL   [ 38%]
test/mask_test.py::MaskTypeTest::test_to_surface__area_off_mask XFAIL    [ 38%]
test/mask_test.py::MaskTypeTest::test_to_surface__area_off_mask_with_setsurface_unsetsurface XFAIL [ 38%]
test/mask_test.py::MaskTypeTest::test_to_surface__area_on_mask XFAIL     [ 38%]
test/mask_test.py::MaskTypeTest::test_to_surface__area_on_mask_with_setsurface_unsetsurface XFAIL [ 38%]
test/mask_test.py::MaskTypeTest::test_to_surface__area_param XFAIL       [ 38%]
test/mask_test.py::MaskTypeTest::test_to_surface__area_sizes XFAIL       [ 38%]
test/mask_test.py::MaskTypeTest::test_to_surface__args_and_kwargs PASSED [ 38%]
test/mask_test.py::MaskTypeTest::test_to_surface__args_invalid_types PASSED [ 38%]
test/mask_test.py::MaskTypeTest::test_to_surface__color_alphas PASSED    [ 38%]
test/mask_test.py::MaskTypeTest::test_to_surface__create_surface PASSED  [ 38%]
test/mask_test.py::MaskTypeTest::test_to_surface__default_surface_with_param_combinations PASSED [ 38%]
test/mask_test.py::MaskTypeTest::test_to_surface__depths PASSED          [ 38%]
test/mask_test.py::MaskTypeTest::test_to_surface__dest_and_area_locations XFAIL [ 38%]
test/mask_test.py::MaskTypeTest::test_to_surface__dest_default PASSED    [ 38%]
test/mask_test.py::MaskTypeTest::test_to_surface__dest_locations PASSED  [ 38%]
test/mask_test.py::MaskTypeTest::test_to_surface__dest_off_surface PASSED [ 39%]
test/mask_test.py::MaskTypeTest::test_to_surface__dest_off_surface_with_setsurface_unsetsurface PASSED [ 39%]
test/mask_test.py::MaskTypeTest::test_to_surface__dest_on_surface PASSED [ 39%]
test/mask_test.py::MaskTypeTest::test_to_surface__dest_on_surface_with_setsurface_unsetsurface PASSED [ 39%]
test/mask_test.py::MaskTypeTest::test_to_surface__dest_param PASSED      [ 39%]
test/mask_test.py::MaskTypeTest::test_to_surface__different_depths PASSED [ 39%]
test/mask_test.py::MaskTypeTest::test_to_surface__different_depths_with_created_surfaces PASSED [ 39%]
test/mask_test.py::MaskTypeTest::test_to_surface__different_srcalphas PASSED [ 39%]
test/mask_test.py::MaskTypeTest::test_to_surface__different_srcalphas_with_created_surfaces PASSED [ 39%]
test/mask_test.py::MaskTypeTest::test_to_surface__invalid_area_formats XFAIL [ 39%]
test/mask_test.py::MaskTypeTest::test_to_surface__invalid_dest_formats PASSED [ 39%]
test/mask_test.py::MaskTypeTest::test_to_surface__invalid_setcolor_formats PASSED [ 39%]
test/mask_test.py::MaskTypeTest::test_to_surface__invalid_unsetcolor_formats PASSED [ 39%]
test/mask_test.py::MaskTypeTest::test_to_surface__kwargs PASSED          [ 39%]
test/mask_test.py::MaskTypeTest::test_to_surface__kwargs_create_surface PASSED [ 39%]
test/mask_test.py::MaskTypeTest::test_to_surface__kwargs_invalid_name PASSED [ 39%]
test/mask_test.py::MaskTypeTest::test_to_surface__kwargs_invalid_types PASSED [ 39%]
test/mask_test.py::MaskTypeTest::test_to_surface__kwargs_order_independent PASSED [ 39%]
test/mask_test.py::MaskTypeTest::test_to_surface__negative_sized_area_rect XFAIL [ 40%]
test/mask_test.py::MaskTypeTest::test_to_surface__negative_sized_dest_rect PASSED [ 40%]
test/mask_test.py::MaskTypeTest::test_to_surface__same_srcalphas PASSED  [ 40%]
test/mask_test.py::MaskTypeTest::test_to_surface__same_srcalphas_with_created_surfaces PASSED [ 40%]
test/mask_test.py::MaskTypeTest::test_to_surface__set_and_unset_bits PASSED [ 40%]
test/mask_test.py::MaskTypeTest::test_to_surface__set_and_unset_bits_with_setsurface_unsetsurface PASSED [ 40%]
test/mask_test.py::MaskTypeTest::test_to_surface__setcolor_default PASSED [ 40%]
test/mask_test.py::MaskTypeTest::test_to_surface__setcolor_param PASSED  [ 40%]
test/mask_test.py::MaskTypeTest::test_to_surface__setsurface_narrower_and_shorter_than_mask PASSED [ 40%]
test/mask_test.py::MaskTypeTest::test_to_surface__setsurface_narrower_and_taller_than_mask PASSED [ 40%]
test/mask_test.py::MaskTypeTest::test_to_surface__setsurface_narrower_than_mask PASSED [ 40%]
test/mask_test.py::MaskTypeTest::test_to_surface__setsurface_narrower_than_mask_and_colors_none PASSED [ 40%]
test/mask_test.py::MaskTypeTest::test_to_surface__setsurface_param PASSED [ 40%]
test/mask_test.py::MaskTypeTest::test_to_surface__setsurface_shorter_than_mask PASSED [ 40%]
test/mask_test.py::MaskTypeTest::test_to_surface__setsurface_shorter_than_mask_and_colors_none PASSED [ 40%]
test/mask_test.py::MaskTypeTest::test_to_surface__setsurface_taller_than_mask PASSED [ 40%]
test/mask_test.py::MaskTypeTest::test_to_surface__setsurface_wider_and_shorter_than_mask PASSED [ 40%]
test/mask_test.py::MaskTypeTest::test_to_surface__setsurface_wider_and_taller_than_mask PASSED [ 40%]
test/mask_test.py::MaskTypeTest::test_to_surface__setsurface_wider_than_mask PASSED [ 40%]
test/mask_test.py::MaskTypeTest::test_to_surface__setsurface_with_zero_size PASSED [ 41%]
test/mask_test.py::MaskTypeTest::test_to_surface__surface_color_alphas PASSED [ 41%]
test/mask_test.py::MaskTypeTest::test_to_surface__surface_narrower_and_shorter_than_mask PASSED [ 41%]
test/mask_test.py::MaskTypeTest::test_to_surface__surface_narrower_and_taller_than_mask PASSED [ 41%]
test/mask_test.py::MaskTypeTest::test_to_surface__surface_narrower_than_mask PASSED [ 41%]
test/mask_test.py::MaskTypeTest::test_to_surface__surface_param PASSED   [ 41%]
test/mask_test.py::MaskTypeTest::test_to_surface__surface_shorter_than_mask PASSED [ 41%]
test/mask_test.py::MaskTypeTest::test_to_surface__surface_taller_than_mask PASSED [ 41%]
test/mask_test.py::MaskTypeTest::test_to_surface__surface_wider_and_shorter_than_mask PASSED [ 41%]
test/mask_test.py::MaskTypeTest::test_to_surface__surface_wider_and_taller_than_mask PASSED [ 41%]
test/mask_test.py::MaskTypeTest::test_to_surface__surface_wider_than_mask PASSED [ 41%]
test/mask_test.py::MaskTypeTest::test_to_surface__surface_with_param_combinations PASSED [ 41%]
test/mask_test.py::MaskTypeTest::test_to_surface__surface_with_zero_size PASSED [ 41%]
test/mask_test.py::MaskTypeTest::test_to_surface__unsetcolor_default PASSED [ 41%]
test/mask_test.py::MaskTypeTest::test_to_surface__unsetcolor_param PASSED [ 41%]
test/mask_test.py::MaskTypeTest::test_to_surface__unsetsurface_narrower_and_shorter_than_mask PASSED [ 41%]
test/mask_test.py::MaskTypeTest::test_to_surface__unsetsurface_narrower_and_taller_than_mask PASSED [ 41%]
test/mask_test.py::MaskTypeTest::test_to_surface__unsetsurface_narrower_than_mask PASSED [ 41%]
test/mask_test.py::MaskTypeTest::test_to_surface__unsetsurface_narrower_than_mask_and_colors_none PASSED [ 42%]
test/mask_test.py::MaskTypeTest::test_to_surface__unsetsurface_param PASSED [ 42%]
test/mask_test.py::MaskTypeTest::test_to_surface__unsetsurface_shorter_than_mask PASSED [ 42%]
test/mask_test.py::MaskTypeTest::test_to_surface__unsetsurface_shorter_than_mask_and_colors_none PASSED [ 42%]
test/mask_test.py::MaskTypeTest::test_to_surface__unsetsurface_taller_than_mask PASSED [ 42%]
test/mask_test.py::MaskTypeTest::test_to_surface__unsetsurface_wider_and_shorter_than_mask PASSED [ 42%]
test/mask_test.py::MaskTypeTest::test_to_surface__unsetsurface_wider_and_taller_than_mask PASSED [ 42%]
test/mask_test.py::MaskTypeTest::test_to_surface__unsetsurface_wider_than_mask PASSED [ 42%]
test/mask_test.py::MaskTypeTest::test_to_surface__unsetsurface_with_zero_size PASSED [ 42%]
test/mask_test.py::MaskTypeTest::test_to_surface__valid_area_formats XFAIL [ 42%]
test/mask_test.py::MaskTypeTest::test_to_surface__valid_dest_formats PASSED [ 42%]
test/mask_test.py::MaskTypeTest::test_to_surface__valid_setcolor_formats PASSED [ 42%]
test/mask_test.py::MaskTypeTest::test_to_surface__valid_unsetcolor_formats PASSED [ 42%]
test/mask_test.py::MaskTypeTest::test_to_surface__zero_sized_area_rect XFAIL [ 42%]
test/mask_test.py::MaskTypeTest::test_to_surface__zero_sized_dest_rect PASSED [ 42%]
test/mask_test.py::MaskTypeTest::test_zero_mask PASSED                   [ 42%]
test/mask_test.py::MaskTypeTest::test_zero_mask_angle PASSED             [ 42%]
test/mask_test.py::MaskTypeTest::test_zero_mask_centroid PASSED          [ 42%]
test/mask_test.py::MaskTypeTest::test_zero_mask_clear PASSED             [ 42%]
test/mask_test.py::MaskTypeTest::test_zero_mask_connected_component PASSED [ 43%]
test/mask_test.py::MaskTypeTest::test_zero_mask_connected_component__indexed PASSED [ 43%]
test/mask_test.py::MaskTypeTest::test_zero_mask_connected_components PASSED [ 43%]
test/mask_test.py::MaskTypeTest::test_zero_mask_convolve PASSED          [ 43%]
test/mask_test.py::MaskTypeTest::test_zero_mask_convolve__with_output_mask PASSED [ 43%]
test/mask_test.py::MaskTypeTest::test_zero_mask_copy PASSED              [ 43%]
test/mask_test.py::MaskTypeTest::test_zero_mask_count PASSED             [ 43%]
test/mask_test.py::MaskTypeTest::test_zero_mask_draw PASSED              [ 43%]
test/mask_test.py::MaskTypeTest::test_zero_mask_erase PASSED             [ 43%]
test/mask_test.py::MaskTypeTest::test_zero_mask_fill PASSED              [ 43%]
test/mask_test.py::MaskTypeTest::test_zero_mask_flip PASSED              [ 43%]
test/mask_test.py::MaskTypeTest::test_zero_mask_get_at PASSED            [ 43%]
test/mask_test.py::MaskTypeTest::test_zero_mask_get_bounding_rects PASSED [ 43%]
test/mask_test.py::MaskTypeTest::test_zero_mask_get_rect PASSED          [ 43%]
test/mask_test.py::MaskTypeTest::test_zero_mask_get_size PASSED          [ 43%]
test/mask_test.py::MaskTypeTest::test_zero_mask_outline PASSED           [ 43%]
test/mask_test.py::MaskTypeTest::test_zero_mask_outline__with_arg PASSED [ 43%]
test/mask_test.py::MaskTypeTest::test_zero_mask_overlap PASSED           [ 43%]
test/mask_test.py::MaskTypeTest::test_zero_mask_overlap_area PASSED      [ 44%]
test/mask_test.py::MaskTypeTest::test_zero_mask_overlap_mask PASSED      [ 44%]
test/mask_test.py::MaskTypeTest::test_zero_mask_scale PASSED             [ 44%]
test/mask_test.py::MaskTypeTest::test_zero_mask_set_at PASSED            [ 44%]
test/mask_test.py::MaskTypeTest::test_zero_mask_to_surface PASSED        [ 44%]
test/mask_test.py::MaskTypeTest::test_zero_mask_to_surface__create_surface PASSED [ 44%]
test/mask_test.py::MaskSubclassTest::test_subclass_angle PASSED          [ 44%]
test/mask_test.py::MaskSubclassTest::test_subclass_centroid PASSED       [ 44%]
test/mask_test.py::MaskSubclassTest::test_subclass_clear PASSED          [ 44%]
test/mask_test.py::MaskSubclassTest::test_subclass_connected_component PASSED [ 44%]
test/mask_test.py::MaskSubclassTest::test_subclass_connected_components PASSED [ 44%]
test/mask_test.py::MaskSubclassTest::test_subclass_convolve PASSED       [ 44%]
test/mask_test.py::MaskSubclassTest::test_subclass_copy PASSED           [ 44%]
test/mask_test.py::MaskSubclassTest::test_subclass_copy__override_both_copy_methods PASSED [ 44%]
test/mask_test.py::MaskSubclassTest::test_subclass_copy__override_copy PASSED [ 44%]
test/mask_test.py::MaskSubclassTest::test_subclass_copy__override_dunder_copy PASSED [ 44%]
test/mask_test.py::MaskSubclassTest::test_subclass_count PASSED          [ 44%]
test/mask_test.py::MaskSubclassTest::test_subclass_draw PASSED           [ 44%]
test/mask_test.py::MaskSubclassTest::test_subclass_erase PASSED          [ 44%]
test/mask_test.py::MaskSubclassTest::test_subclass_fill PASSED           [ 45%]
test/mask_test.py::MaskSubclassTest::test_subclass_get_at PASSED         [ 45%]
test/mask_test.py::MaskSubclassTest::test_subclass_get_bounding_rects PASSED [ 45%]
test/mask_test.py::MaskSubclassTest::test_subclass_get_size PASSED       [ 45%]
test/mask_test.py::MaskSubclassTest::test_subclass_invert PASSED         [ 45%]
test/mask_test.py::MaskSubclassTest::test_subclass_mask PASSED           [ 45%]
test/mask_test.py::MaskSubclassTest::test_subclass_mask_get_rect PASSED  [ 45%]
test/mask_test.py::MaskSubclassTest::test_subclass_outline PASSED        [ 45%]
test/mask_test.py::MaskSubclassTest::test_subclass_overlap PASSED        [ 45%]
test/mask_test.py::MaskSubclassTest::test_subclass_overlap_area PASSED   [ 45%]
test/mask_test.py::MaskSubclassTest::test_subclass_overlap_mask PASSED   [ 45%]
test/mask_test.py::MaskSubclassTest::test_subclass_scale PASSED          [ 45%]
test/mask_test.py::MaskSubclassTest::test_subclass_set_at PASSED         [ 45%]
test/mask_test.py::MaskSubclassTest::test_subclass_to_surface PASSED     [ 45%]
test/mask_test.py::MaskModuleTest::test_buffer_interface PASSED          [ 45%]
test/mask_test.py::MaskModuleTest::test_from_surface PASSED              [ 45%]
test/mask_test.py::MaskModuleTest::test_from_surface__different_alphas_16bit PASSED [ 45%]
test/mask_test.py::MaskModuleTest::test_from_surface__different_alphas_32bit PASSED [ 45%]
test/mask_test.py::MaskModuleTest::test_from_surface__with_colorkey_mask_cleared PASSED [ 46%]
test/mask_test.py::MaskModuleTest::test_from_surface__with_colorkey_mask_filled PASSED [ 46%]
test/mask_test.py::MaskModuleTest::test_from_surface__with_colorkey_mask_pattern PASSED [ 46%]
test/mask_test.py::MaskModuleTest::test_from_threshold PASSED            [ 46%]
test/mask_test.py::MaskModuleTest::test_zero_size_from_surface PASSED    [ 46%]
test/mask_test.py::MaskModuleTest::test_zero_size_from_threshold PASSED  [ 46%]
test/math_test.py::MathModuleTest::test_clamp PASSED                     [ 46%]
test/math_test.py::MathModuleTest::test_lerp PASSED                      [ 46%]
test/math_test.py::Vector2TypeTest::testAdd PASSED                       [ 46%]
test/math_test.py::Vector2TypeTest::testAttributeAccess PASSED           [ 46%]
test/math_test.py::Vector2TypeTest::testBool PASSED                      [ 46%]
test/math_test.py::Vector2TypeTest::testCompare PASSED                   [ 46%]
test/math_test.py::Vector2TypeTest::testConstructionDefault PASSED       [ 46%]
test/math_test.py::Vector2TypeTest::testConstructionKeywords PASSED      [ 46%]
test/math_test.py::Vector2TypeTest::testConstructionList PASSED          [ 46%]
test/math_test.py::Vector2TypeTest::testConstructionScalar PASSED        [ 46%]
test/math_test.py::Vector2TypeTest::testConstructionScalarKeywords PASSED [ 46%]
test/math_test.py::Vector2TypeTest::testConstructionTuple PASSED         [ 46%]
test/math_test.py::Vector2TypeTest::testConstructionVector2 PASSED       [ 46%]
test/math_test.py::Vector2TypeTest::testConstructionXY PASSED            [ 47%]
test/math_test.py::Vector2TypeTest::testCopy PASSED                      [ 47%]
test/math_test.py::Vector2TypeTest::testExtendedSlicing PASSED           [ 47%]
test/math_test.py::Vector2TypeTest::testIter PASSED                      [ 47%]
test/math_test.py::Vector2TypeTest::testRepr PASSED                      [ 47%]
test/math_test.py::Vector2TypeTest::testScalarDivision PASSED            [ 47%]
test/math_test.py::Vector2TypeTest::testScalarMultiplication PASSED      [ 47%]
test/math_test.py::Vector2TypeTest::testSequence PASSED                  [ 47%]
test/math_test.py::Vector2TypeTest::testStr PASSED                       [ 47%]
test/math_test.py::Vector2TypeTest::testSub PASSED                       [ 47%]
test/math_test.py::Vector2TypeTest::testUnary PASSED                     [ 47%]
test/math_test.py::Vector2TypeTest::test___round___basic PASSED          [ 47%]
test/math_test.py::Vector2TypeTest::test_angle_to PASSED                 [ 47%]
test/math_test.py::Vector2TypeTest::test_clamp_mag_v2_edge_cases PASSED  [ 47%]
test/math_test.py::Vector2TypeTest::test_clamp_mag_v2_errors 
test/math_test.py::Vector2TypeTest::test_clamp_mag_v2_errors PASSED      [ 47%]
test/math_test.py::Vector2TypeTest::test_clamp_mag_v2_max PASSED         [ 47%]
test/math_test.py::Vector2TypeTest::test_clamp_mag_v2_min PASSED         [ 47%]
test/math_test.py::Vector2TypeTest::test_clamp_mag_v2_no_change 
test/math_test.py::Vector2TypeTest::test_clamp_mag_v2_no_change PASSED   [ 47%]
test/math_test.py::Vector2TypeTest::test_collection_abc PASSED           [ 48%]
test/math_test.py::Vector2TypeTest::test_contains PASSED                 [ 48%]
test/math_test.py::Vector2TypeTest::test_cross PASSED                    [ 48%]
test/math_test.py::Vector2TypeTest::test_distance_squared_to PASSED      [ 48%]
test/math_test.py::Vector2TypeTest::test_distance_to PASSED              [ 48%]
test/math_test.py::Vector2TypeTest::test_dot PASSED                      [ 48%]
test/math_test.py::Vector2TypeTest::test_elementwise PASSED              [ 48%]
test/math_test.py::Vector2TypeTest::test_is_normalized PASSED            [ 48%]
test/math_test.py::Vector2TypeTest::test_length PASSED                   [ 48%]
test/math_test.py::Vector2TypeTest::test_length_squared PASSED           [ 48%]
test/math_test.py::Vector2TypeTest::test_lerp PASSED                     [ 48%]
test/math_test.py::Vector2TypeTest::test_move_away PASSED                [ 48%]
test/math_test.py::Vector2TypeTest::test_move_nowhere PASSED             [ 48%]
test/math_test.py::Vector2TypeTest::test_move_towards_basic PASSED       [ 48%]
test/math_test.py::Vector2TypeTest::test_move_towards_errors PASSED      [ 48%]
test/math_test.py::Vector2TypeTest::test_move_towards_max_distance PASSED [ 48%]
test/math_test.py::Vector2TypeTest::test_move_towards_self PASSED        [ 48%]
test/math_test.py::Vector2TypeTest::test_normalize PASSED                [ 48%]
test/math_test.py::Vector2TypeTest::test_normalize_ip PASSED             [ 48%]
test/math_test.py::Vector2TypeTest::test_polar PASSED                    [ 49%]
test/math_test.py::Vector2TypeTest::test_project_v2_onto_other PASSED    [ 49%]
test/math_test.py::Vector2TypeTest::test_project_v2_onto_other_as_list PASSED [ 49%]
test/math_test.py::Vector2TypeTest::test_project_v2_onto_other_as_tuple PASSED [ 49%]
test/math_test.py::Vector2TypeTest::test_project_v2_onto_x_axis PASSED   [ 49%]
test/math_test.py::Vector2TypeTest::test_project_v2_onto_y_axis PASSED   [ 49%]
test/math_test.py::Vector2TypeTest::test_project_v2_raises_if_other_has_zero_length PASSED [ 49%]
test/math_test.py::Vector2TypeTest::test_project_v2_raises_if_other_is_not_iterable PASSED [ 49%]
test/math_test.py::Vector2TypeTest::test_reflect PASSED                  [ 49%]
test/math_test.py::Vector2TypeTest::test_reflect_ip PASSED               [ 49%]
test/math_test.py::Vector2TypeTest::test_rotate PASSED                   [ 49%]
test/math_test.py::Vector2TypeTest::test_rotate_ip PASSED                [ 49%]
test/math_test.py::Vector2TypeTest::test_rotate_rad PASSED               [ 49%]
test/math_test.py::Vector2TypeTest::test_rotate_rad_ip PASSED            [ 49%]
test/math_test.py::Vector2TypeTest::test_scale_to_length PASSED          [ 49%]
test/math_test.py::Vector2TypeTest::test_slerp PASSED                    [ 49%]
test/math_test.py::Vector2TypeTest::test_subclass_operation PASSED       [ 49%]
test/math_test.py::Vector2TypeTest::test_subclassing_v2 PASSED           [ 49%]
test/math_test.py::Vector2TypeTest::test_swizzle PASSED                  [ 50%]
test/math_test.py::Vector2TypeTest::test_swizzle_return_types PASSED     [ 50%]
test/math_test.py::Vector2TypeTest::test_update PASSED                   [ 50%]
test/math_test.py::Vector3TypeTest::testAdd PASSED                       [ 50%]
test/math_test.py::Vector3TypeTest::testAttributeAccess PASSED           [ 50%]
test/math_test.py::Vector3TypeTest::testBool PASSED                      [ 50%]
test/math_test.py::Vector3TypeTest::testCompare PASSED                   [ 50%]
test/math_test.py::Vector3TypeTest::testConstructionDefault PASSED       [ 50%]
test/math_test.py::Vector3TypeTest::testConstructionKeywords PASSED      [ 50%]
test/math_test.py::Vector3TypeTest::testConstructionList PASSED          [ 50%]
test/math_test.py::Vector3TypeTest::testConstructionMissing PASSED       [ 50%]
test/math_test.py::Vector3TypeTest::testConstructionScalar PASSED        [ 50%]
test/math_test.py::Vector3TypeTest::testConstructionScalarKeywords PASSED [ 50%]
test/math_test.py::Vector3TypeTest::testConstructionTuple PASSED         [ 50%]
test/math_test.py::Vector3TypeTest::testConstructionVector3 PASSED       [ 50%]
test/math_test.py::Vector3TypeTest::testConstructionXYZ PASSED           [ 50%]
test/math_test.py::Vector3TypeTest::testCopy PASSED                      [ 50%]
test/math_test.py::Vector3TypeTest::testExtendedSlicing PASSED           [ 50%]
test/math_test.py::Vector3TypeTest::testIter PASSED                      [ 50%]
test/math_test.py::Vector3TypeTest::testRepr PASSED                      [ 51%]
test/math_test.py::Vector3TypeTest::testScalarDivision PASSED            [ 51%]
test/math_test.py::Vector3TypeTest::testScalarMultiplication PASSED      [ 51%]
test/math_test.py::Vector3TypeTest::testSequence PASSED                  [ 51%]
test/math_test.py::Vector3TypeTest::testStr PASSED                       [ 51%]
test/math_test.py::Vector3TypeTest::testSub PASSED                       [ 51%]
test/math_test.py::Vector3TypeTest::testUnary PASSED                     [ 51%]
test/math_test.py::Vector3TypeTest::test___round___basic PASSED          [ 51%]
test/math_test.py::Vector3TypeTest::test_angle_to PASSED                 [ 51%]
test/math_test.py::Vector3TypeTest::test_clamp_mag_v3_edge_cases PASSED  [ 51%]
test/math_test.py::Vector3TypeTest::test_clamp_mag_v3_errors 
test/math_test.py::Vector3TypeTest::test_clamp_mag_v3_errors PASSED      [ 51%]
test/math_test.py::Vector3TypeTest::test_clamp_mag_v3_max PASSED         [ 51%]
[...]
test/transform_test.py::TransformModuleTest::test_get_smoothscale_backend PASSED [ 98%]
test/transform_test.py::TransformModuleTest::test_grayscale PASSED       [ 98%]
test/transform_test.py::TransformModuleTest::test_laplacian PASSED       [ 98%]
test/transform_test.py::TransformModuleTest::test_laplacian__24_big_endian PASSED [ 98%]
test/transform_test.py::TransformModuleTest::test_rotate PASSED          [ 98%]
test/transform_test.py::TransformModuleTest::test_rotate__lossless_at_90_degrees PASSED [ 98%]
test/transform_test.py::TransformModuleTest::test_rotate_of_0_sized_surface PASSED [ 98%]
test/transform_test.py::TransformModuleTest::test_rotozoom PASSED        [ 98%]
test/transform_test.py::TransformModuleTest::test_scale2x PASSED         [ 98%]
test/transform_test.py::TransformModuleTest::test_scale2xraw PASSED      [ 98%]
test/transform_test.py::TransformModuleTest::test_scale__alpha PASSED    [ 98%]
test/transform_test.py::TransformModuleTest::test_scale__destination PASSED [ 98%]
test/transform_test.py::TransformModuleTest::test_scale__vector2 PASSED  [ 98%]
test/transform_test.py::TransformModuleTest::test_scale__zero_surface_transform PASSED [ 98%]
test/transform_test.py::TransformModuleTest::test_scale_by PASSED        [ 98%]
test/transform_test.py::TransformModuleTest::test_set_smoothscale_backend PASSED [ 98%]
test/transform_test.py::TransformModuleTest::test_smoothscale PASSED     [ 98%]
test/transform_test.py::TransformModuleTest::test_smoothscale_by PASSED  [ 99%]
test/transform_test.py::TransformModuleTest::test_threshold__honors_third_surface PASSED [ 99%]
test/transform_test.py::TransformModuleTest::test_threshold__subclassed_surface PASSED [ 99%]
test/transform_test.py::TransformModuleTest::test_threshold__surface PASSED [ 99%]
test/transform_test.py::TransformModuleTest::test_threshold__uneven_colors PASSED [ 99%]
test/transform_test.py::TransformModuleTest::test_threshold_count PASSED [ 99%]
test/transform_test.py::TransformModuleTest::test_threshold_dest_surf_all_changed PASSED [ 99%]
test/transform_test.py::TransformModuleTest::test_threshold_dest_surf_not_change PASSED [ 99%]
test/transform_test.py::TransformModuleTest::test_threshold_from_surface PASSED [ 99%]
test/transform_test.py::TransformModuleTest::test_threshold_inverse_set PASSED [ 99%]
test/transform_test.py::TransformModuleTest::test_threshold_non_src_alpha PASSED [ 99%]
test/transform_test.py::TransformModuleTest::test_threshold_search_surf PASSED [ 99%]
test/transform_test.py::TransformModuleTest::test_threshold_set_behavior0 PASSED [ 99%]
test/transform_test.py::TransformModuleTest::test_threshold_set_behavior2 PASSED [ 99%]
test/transform_test.py::TransformDisplayModuleTest::test_flip PASSED     [ 99%]
test/transform_test.py::TransformDisplayModuleTest::test_flip_alpha PASSED [ 99%]
test/version_test.py::VersionTest::test_pg_version_consistency PASSED    [ 99%]
test/version_test.py::VersionTest::test_sdl_version PASSED               [ 99%]
test/video_test.py::VideoModuleTest::test_renderer_set_viewport PASSED   [100%]

==================================== ERRORS ====================================
_________________________ ERROR at setup of test_magic _________________________
file /workspace/test/image_test.py, line 21
  def test_magic(f, magic_hexes):
E       fixture 'f' not found
>       available fixtures: cache, capfd, capfdbinary, caplog, capsys, capsysbinary, capteesys, doctest_namespace, monkeypatch, pytestconfig, record_property, record_testsuite_property, record_xml_attribute, recwarn, subtests, tmp_path, tmp_path_factory, tmpdir, tmpdir_factory
>       use 'pytest --fixtures [testpath]' for help on them.

/workspace/test/image_test.py:21
=================================== FAILURES ===================================
_______________________ MouseModuleTest.test_get_cursor ________________________

self = <test.mouse_test.MouseModuleTest testMethod=test_get_cursor>

    @unittest.skipIf(
        os.environ.get("SDL_VIDEODRIVER", "") == "dummy",
        "Cursors not supported on headless test machines",
    )
    def test_get_cursor(self):
        """Ensures get_cursor works correctly."""
    
        # error should be raised when the display is uninitialized
        with self.assertRaises(pygame.error):
            pygame.display.quit()
            pygame.mouse.get_cursor()
    
        pygame.display.init()
    
        size = (8, 8)
        hotspot = (0, 0)
        xormask = (0, 96, 120, 126, 112, 96, 0, 0)
        andmask = (224, 240, 254, 255, 254, 240, 96, 0)
    
        expected_length = 4
        expected_cursor = pygame.cursors.Cursor(size, hotspot, xormask, andmask)
>       pygame.mouse.set_cursor(expected_cursor)

test/mouse_test.py:79: 
_ _ _ _ _ _ _ _ _ _ _ _ _ _ _ _ _ _ _ _ _ _ _ _ _ _ _ _ _ _ _ _ _ _ _ _ _ _ _ _ 

args = (<Cursor(type: bitmap, size: (8, 8), hotspot: (0, 0))>,)
cursor = <Cursor(type: bitmap, size: (8, 8), hotspot: (0, 0))>

    def set_cursor(*args):
        """set_cursor(pygame.cursors.Cursor OR args for a pygame.cursors.Cursor) -> None
        set the mouse cursor to a new cursor"""
        cursor = Cursor(*args)
>       pygame.mouse._set_cursor(**{cursor.type: cursor.data})
E       pygame.error: Cursors are not currently supported

/opt/venv/lib/python3.10/site-packages/pygame/cursors.py:139: error
_______________________ MouseModuleTest.test_set_cursor ________________________

self = <test.mouse_test.MouseModuleTest testMethod=test_set_cursor>

    @unittest.skipIf(
        os.environ.get("SDL_VIDEODRIVER", "") == "dummy",
        "Cursors not supported on headless test machines",
    )
    def test_set_cursor(self):
        """Ensures set_cursor works correctly."""
    
        # Bitmap cursor information
        size = (8, 8)
        hotspot = (0, 0)
        xormask = (0, 126, 64, 64, 32, 16, 0, 0)
        andmask = (254, 255, 254, 112, 56, 28, 12, 0)
        bitmap_cursor = pygame.cursors.Cursor(size, hotspot, xormask, andmask)
    
        # System cursor information
        constant = pygame.SYSTEM_CURSOR_ARROW
        system_cursor = pygame.cursors.Cursor(constant)
    
        # Color cursor information (also uses hotspot variable from Bitmap cursor info)
        surface = pygame.Surface((10, 10))
        color_cursor = pygame.cursors.Cursor(hotspot, surface)
    
        pygame.display.quit()
    
        # Bitmap: Error should be raised when the display is uninitialized
        with self.assertRaises(pygame.error):
            pygame.mouse.set_cursor(bitmap_cursor)
    
        # System: Error should be raised when the display is uninitialized
        with self.assertRaises(pygame.error):
            pygame.mouse.set_cursor(system_cursor)
    
        # Color: Error should be raised when the display is uninitialized
        with self.assertRaises(pygame.error):
            pygame.mouse.set_cursor(color_cursor)
    
        pygame.display.init()
    
        # Bitmap: TypeError raised when PyArg_ParseTuple fails to parse parameters
        with self.assertRaises(TypeError):
            pygame.mouse.set_cursor(("w", "h"), hotspot, xormask, andmask)
        with self.assertRaises(TypeError):
            pygame.mouse.set_cursor(size, ("0", "0"), xormask, andmask)
        with self.assertRaises(TypeError):
            pygame.mouse.set_cursor(size, ("x", "y", "z"), xormask, andmask)
    
        # Bitmap: TypeError raised when either mask is not a sequence
        with self.assertRaises(TypeError):
            pygame.mouse.set_cursor(size, hotspot, 12345678, andmask)
        with self.assertRaises(TypeError):
            pygame.mouse.set_cursor(size, hotspot, xormask, 12345678)
    
        # Bitmap: TypeError raised when element of mask is not an integer
        with self.assertRaises(TypeError):
            pygame.mouse.set_cursor(size, hotspot, "00000000", andmask)
        with self.assertRaises(TypeError):
            pygame.mouse.set_cursor(size, hotspot, xormask, (2, [0], 4, 0, 0, 8, 0, 1))
    
        # Bitmap: ValueError raised when width not divisible by 8
        with self.assertRaises(ValueError):
            pygame.mouse.set_cursor((3, 8), hotspot, xormask, andmask)
    
        # Bitmap: ValueError raised when length of either mask != width * height / 8
        with self.assertRaises(ValueError):
            pygame.mouse.set_cursor((16, 2), hotspot, (128, 64, 32), andmask)
        with self.assertRaises(ValueError):
            pygame.mouse.set_cursor((16, 2), hotspot, xormask, (192, 96, 48, 0, 1))
    
        # Bitmap: Working as intended
        self.assertEqual(
>           pygame.mouse.set_cursor((16, 1), hotspot, (8, 0), (0, 192)), None
        )

test/mouse_test.py:210: 
_ _ _ _ _ _ _ _ _ _ _ _ _ _ _ _ _ _ _ _ _ _ _ _ _ _ _ _ _ _ _ _ _ _ _ _ _ _ _ _ 

args = ((16, 1), (0, 0), (8, 0), (0, 192))
cursor = <Cursor(type: bitmap, size: (16, 1), hotspot: (0, 0))>

    def set_cursor(*args):
        """set_cursor(pygame.cursors.Cursor OR args for a pygame.cursors.Cursor) -> None
        set the mouse cursor to a new cursor"""
        cursor = Cursor(*args)
>       pygame.mouse._set_cursor(**{cursor.type: cursor.data})
E       pygame.error: Cursors are not currently supported

/opt/venv/lib/python3.10/site-packages/pygame/cursors.py:139: error
____________________ MouseModuleTest.test_set_system_cursor ____________________

self = <test.mouse_test.MouseModuleTest testMethod=test_set_system_cursor>

    @unittest.skipIf(
        os.environ.get("SDL_VIDEODRIVER", "") == "dummy",
        "mouse.set_system_cursor only available in SDL2",
    )
    def test_set_system_cursor(self):
        """Ensures set_system_cursor works correctly."""
    
        with warnings.catch_warnings(record=True) as w:
            """From Pygame 2.0.1, set_system_cursor() should raise a deprecation warning"""
            # Cause all warnings to always be triggered.
            warnings.simplefilter("always")
    
            # Error should be raised when the display is uninitialized
            with self.assertRaises(pygame.error):
                pygame.display.quit()
                pygame.mouse.set_system_cursor(pygame.SYSTEM_CURSOR_HAND)
    
            pygame.display.init()
    
            # TypeError raised when PyArg_ParseTuple fails to parse parameters
            with self.assertRaises(TypeError):
                pygame.mouse.set_system_cursor("b")
            with self.assertRaises(TypeError):
                pygame.mouse.set_system_cursor(None)
            with self.assertRaises(TypeError):
                pygame.mouse.set_system_cursor((8, 8), (0, 0))
    
            # Right type, invalid value
            with self.assertRaises(pygame.error):
                pygame.mouse.set_system_cursor(2000)
    
            # Working as intended
            self.assertEqual(
>               pygame.mouse.set_system_cursor(pygame.SYSTEM_CURSOR_ARROW), None
            )
E           pygame.error: Error while creating system cursor

test/mouse_test.py:131: error
________________________ KeyModuleTest.test_get_pressed ________________________

self = <test.run_tests__tests.failures1.fake_4_test.KeyModuleTest testMethod=test_get_pressed>

    def test_get_pressed(self):
>       self.assertTrue(False, "Some Jibberish")
E       AssertionError: False is not true : Some Jibberish

test/run_tests__tests/failures1/fake_4_test.py:26: AssertionError
_________________________ KeyModuleTest.test_set_mods __________________________

self = <test.run_tests__tests.failures1.fake_4_test.KeyModuleTest testMethod=test_set_mods>

    def test_set_mods(self):
        if 1:
            if 1:
>               assert False
E               assert False

test/run_tests__tests/failures1/fake_4_test.py:34: AssertionError
___________________________ KeyModuleTest.test_name ____________________________

self = <test.run_tests__tests.print_stderr.fake_3_test.KeyModuleTest testMethod=test_name>

    def test_name(self):
        sys.stderr.write("jibberish messes things up\n")
>       self.assertTrue(False)
E       AssertionError: False is not true

test/run_tests__tests/print_stderr/fake_3_test.py:31: AssertionError
----------------------------- Captured stderr call -----------------------------
jibberish messes things up
________________________ KeyModuleTest.test_get_pressed ________________________

self = <test.run_tests__tests.print_stderr.fake_4_test.KeyModuleTest testMethod=test_get_pressed>

    def test_get_pressed(self):
>       self.assertTrue(False, "Some Jibberish")
E       AssertionError: False is not true : Some Jibberish

test/run_tests__tests/print_stderr/fake_4_test.py:26: AssertionError
_________________________ KeyModuleTest.test_set_mods __________________________

self = <test.run_tests__tests.print_stderr.fake_4_test.KeyModuleTest testMethod=test_set_mods>

    def test_set_mods(self):
        if 1:
            if 1:
>               assert False
E               assert False

test/run_tests__tests/print_stderr/fake_4_test.py:34: AssertionError
________________________ KeyModuleTest.test_get_pressed ________________________

self = <test.run_tests__tests.print_stdout.fake_3_test.KeyModuleTest testMethod=test_get_pressed>

    def test_get_pressed(self):
        sys.stdout.write("jibberish ruins everything\n")
>       self.assertTrue(False)
E       AssertionError: False is not true

test/run_tests__tests/print_stdout/fake_3_test.py:28: AssertionError
----------------------------- Captured stdout call -----------------------------
jibberish ruins everything
________________________ KeyModuleTest.test_get_pressed ________________________

self = <test.run_tests__tests.print_stdout.fake_4_test.KeyModuleTest testMethod=test_get_pressed>

    def test_get_pressed(self):
>       self.assertTrue(False, "Some Jibberish")
E       AssertionError: False is not true : Some Jibberish

test/run_tests__tests/print_stdout/fake_4_test.py:26: AssertionError
_________________________ KeyModuleTest.test_set_mods __________________________

self = <test.run_tests__tests.print_stdout.fake_4_test.KeyModuleTest testMethod=test_set_mods>

    def test_set_mods(self):
        if 1:
            if 1:
>               assert False
E               assert False

test/run_tests__tests/print_stdout/fake_4_test.py:34: AssertionError
=============================== warnings summary ===============================
../opt/venv/lib/python3.10/site-packages/pygame/surfarray.py:408
test/surfarray_test.py::SurfarrayModuleTest::test_surf_lock
test/surfarray_test.py::SurfarrayModuleTest::test_use_arraytype
test/surfarray_test.py::SurfarrayModuleTest::test_use_arraytype
  /opt/venv/lib/python3.10/site-packages/pygame/surfarray.py:408: DeprecationWarning: only numpy arrays are now supported, this function will be removed in a future version of the module
    warnings.warn(

test/test_utils/test_machinery.py:47
  /workspace/test/test_utils/test_machinery.py:47: PytestCollectionWarning: cannot collect test class 'TestTags' because it has a __init__ constructor (from: test/test_utils/test_machinery.py)
    class TestTags:

test/base_test.py::BaseModuleTest::test_init
  /workspace/test/base_test.py:508: RuntimeWarning: use scrap: libX11.so.6: cannot open shared object file: No such file or directory
  (ImportError: libX11.so.6: cannot open shared object file: No such file or directory)
    self.assertRaises(pygame.error, pygame.scrap.get)

test/color_test.py::ColorTypeTest::test_arraystruct
test/color_test.py::ColorTypeTest::test_arraystruct
test/color_test.py::ColorTypeTest::test_arraystruct
test/color_test.py::ColorTypeTest::test_arraystruct
  /workspace/test/color_test.py:1001: DeprecationWarning: pygame.Color.set_length deprecated since 2.1.3
    c.set_length(i)

test/color_test.py::ColorTypeTest::test_init
  /workspace/test/color_test.py:73: DeprecationWarning: pygame.Color.set_length deprecated since 2.1.3
    c.set_length(3)

test/color_test.py::ColorTypeTest::test_length
  /workspace/test/color_test.py:282: DeprecationWarning: pygame.Color.set_length deprecated since 2.1.3
    c.set_length(3)

test/color_test.py::ColorTypeTest::test_length
  /workspace/test/color_test.py:291: DeprecationWarning: pygame.Color.set_length deprecated since 2.1.3
    c.set_length(4)

test/color_test.py::ColorTypeTest::test_length
test/color_test.py::ColorTypeTest::test_length
test/color_test.py::ColorTypeTest::test_length
test/color_test.py::ColorTypeTest::test_length
  /usr/local/lib/python3.10/unittest/case.py:201: DeprecationWarning: pygame.Color.set_length deprecated since 2.1.3
    callable_obj(*args, **kwargs)

test/color_test.py::ColorTypeTest::test_newbuf
test/color_test.py::ColorTypeTest::test_newbuf
test/color_test.py::ColorTypeTest::test_newbuf
test/color_test.py::ColorTypeTest::test_newbuf
  /workspace/test/color_test.py:1085: DeprecationWarning: pygame.Color.set_length deprecated since 2.1.3
    c.set_length(i)

test/color_test.py::ColorTypeTest::test_unpack
  /workspace/test/color_test.py:267: DeprecationWarning: pygame.Color.set_length deprecated since 2.1.3
    c.set_length(3)

test/color_test.py::ColorTypeTest::test_update
  /workspace/test/color_test.py:1265: DeprecationWarning: pygame.Color.set_length deprecated since 2.1.3
    c.set_length(3)

test/color_test.py::ColorTypeTest::test_update
  /workspace/test/color_test.py:1268: DeprecationWarning: pygame.Color.set_length deprecated since 2.1.3
    c.set_length(4)

test/color_test.py::ColorTypeTest::test_update
  /workspace/test/color_test.py:1271: DeprecationWarning: pygame.Color.set_length deprecated since 2.1.3
    c.set_length(3)

test/image_test.py: 800 warnings
test/threads_test.py: 128 warnings
  /opt/venv/lib/python3.10/site-packages/pygame/threads/__init__.py:143: DeprecationWarning: setDaemon() is deprecated, set the daemon attribute instead
    a_thread.setDaemon(True)

test/pixelcopy_test.py::PixelcopyModuleTest::test_map_array
  /workspace/test/pixelcopy_test.py:215: DeprecationWarning: pygame.Color.set_length deprecated since 2.1.3
    color.set_length(3)

test/surfarray_test.py::SurfarrayModuleTest::test_get_arraytype
test/surfarray_test.py::SurfarrayModuleTest::test_use_arraytype
  /opt/venv/lib/python3.10/site-packages/pygame/surfarray.py:425: DeprecationWarning: only numpy arrays are now supported, this function will be removed in a future version of the module
    warnings.warn(

test/surfarray_test.py::SurfarrayModuleTest::test_get_arraytypes
test/surfarray_test.py::SurfarrayModuleTest::test_surf_lock
  /opt/venv/lib/python3.10/site-packages/pygame/surfarray.py:440: DeprecationWarning: only numpy arrays are now supported, this function will be removed in a future version of the module
    warnings.warn(

-- Docs: https://docs.pytest.org/en/stable/how-to/capture-warnings.html
=========================== short test summary info ============================
FAILED test/mouse_test.py::MouseModuleTest::test_get_cursor - pygame.error: C...
FAILED test/mouse_test.py::MouseModuleTest::test_set_cursor - pygame.error: C...
FAILED test/mouse_test.py::MouseModuleTest::test_set_system_cursor - pygame.e...
FAILED test/run_tests__tests/failures1/fake_4_test.py::KeyModuleTest::test_get_pressed
FAILED test/run_tests__tests/failures1/fake_4_test.py::KeyModuleTest::test_set_mods
FAILED test/run_tests__tests/print_stderr/fake_3_test.py::KeyModuleTest::test_name
FAILED test/run_tests__tests/print_stderr/fake_4_test.py::KeyModuleTest::test_get_pressed
FAILED test/run_tests__tests/print_stderr/fake_4_test.py::KeyModuleTest::test_set_mods
FAILED test/run_tests__tests/print_stdout/fake_3_test.py::KeyModuleTest::test_get_pressed
FAILED test/run_tests__tests/print_stdout/fake_4_test.py::KeyModuleTest::test_get_pressed
FAILED test/run_tests__tests/print_stdout/fake_4_test.py::KeyModuleTest::test_set_mods
ERROR test/image_test.py::test_magic
= 11 failed, 1793 passed, 35 skipped, 12 xfailed, 958 warnings, 1 error, 13714 subtests passed in 49.33s =
